This file contains any messages produced by compilers while
running configure, to aid debugging if configure makes a mistake.

It was created by i3lock-color configure 2.13.c.5, which was
generated by GNU Autoconf 2.71.  Invocation command line was

  $ ../configure --prefix=/usr --sysconfdir=/etc

## --------- ##
## Platform. ##
## --------- ##

hostname = bmehdi-work-pc
uname -m = x86_64
uname -r = 6.8.0-49-generic
uname -s = Linux
uname -v = #49~22.04.1-Ubuntu SMP PREEMPT_DYNAMIC Wed Nov  6 17:42:15 UTC 2

/usr/bin/uname -p = x86_64
/bin/uname -X     = unknown

/bin/arch              = x86_64
/usr/bin/arch -k       = unknown
/usr/convex/getsysinfo = unknown
/usr/bin/hostinfo      = unknown
/bin/machine           = unknown
/usr/bin/oslevel       = unknown
/bin/universe          = unknown

PATH: /home/bmehdi/.local/share/pnpm/
PATH: /run/user/1000/fnm_multishells/5687_1732520419293/bin/
PATH: /home/bmehdi/.cargo/bin/
PATH: /home/bmehdi/.local/bin/
PATH: /usr/local/sbin/
PATH: /usr/local/bin/
PATH: /usr/sbin/
PATH: /usr/bin/
PATH: /sbin/
PATH: /bin/
PATH: /usr/games/
PATH: /usr/local/games/
PATH: /snap/bin/
PATH: /snap/bin/
PATH: /usr/local/go/bin/
PATH: /home/bmehdi/.local/bin/
PATH: /home/bmehdi/go/bin/
PATH: /home/bmehdi/Android/Sdk/tools/
PATH: /home/bmehdi/Android/Sdk/paltform-tools/


## ----------- ##
## Core tests. ##
## ----------- ##

configure:2595: looking for aux files: ar-lib compile missing install-sh config.guess config.sub
configure:2608:  trying ../
configure:2637:   ../ar-lib found
configure:2637:   ../compile found
configure:2637:   ../missing found
configure:2619:   ../install-sh found
configure:2637:   ../config.guess found
configure:2637:   ../config.sub found
configure:2756: checking build system type
configure:2771: result: x86_64-pc-linux-gnu
configure:2791: checking host system type
configure:2805: result: x86_64-pc-linux-gnu
configure:2825: checking target system type
configure:2839: result: x86_64-pc-linux-gnu
configure:2929: checking for gsed
configure:2965: result: sed
configure:2993: checking for a BSD-compatible install
configure:3066: result: /usr/bin/install -c
configure:3077: checking whether build environment is sane
configure:3132: result: yes
configure:3287: checking for a race-free mkdir -p
configure:3331: result: /usr/bin/mkdir -p
configure:3338: checking for gawk
configure:3359: found /usr/bin/gawk
configure:3370: result: gawk
configure:3381: checking whether make sets $(MAKE)
configure:3404: result: yes
configure:3434: checking whether make supports nested variables
configure:3452: result: yes
configure:3601: checking whether make supports nested variables
configure:3619: result: yes
configure:3633: checking whether to enable maintainer-specific portions of Makefiles
configure:3643: result: yes
configure:3670: checking for gawk
configure:3702: result: gawk
configure:3713: checking for GNU make
configure:3730: result: make
configure:3805: checking for a sed that does not truncate output
configure:3875: result: /usr/bin/sed
configure:3894: checking whether to build with code coverage support
configure:3915: result: no
configure:4304: checking whether to enable debugging
configure:4369: result: no
configure:4467: checking for gcc
configure:4488: found /usr/bin/gcc
configure:4499: result: gcc
configure:4852: checking for C compiler version
configure:4861: gcc --version >&5
gcc (Ubuntu 11.4.0-1ubuntu1~22.04) 11.4.0
Copyright (C) 2021 Free Software Foundation, Inc.
This is free software; see the source for copying conditions.  There is NO
warranty; not even for MERCHANTABILITY or FITNESS FOR A PARTICULAR PURPOSE.

configure:4872: $? = 0
configure:4861: gcc -v >&5
Using built-in specs.
COLLECT_GCC=gcc
COLLECT_LTO_WRAPPER=/usr/lib/gcc/x86_64-linux-gnu/11/lto-wrapper
OFFLOAD_TARGET_NAMES=nvptx-none:amdgcn-amdhsa
OFFLOAD_TARGET_DEFAULT=1
Target: x86_64-linux-gnu
Configured with: ../src/configure -v --with-pkgversion='Ubuntu 11.4.0-1ubuntu1~22.04' --with-bugurl=file:///usr/share/doc/gcc-11/README.Bugs --enable-languages=c,ada,c++,go,brig,d,fortran,objc,obj-c++,m2 --prefix=/usr --with-gcc-major-version-only --program-suffix=-11 --program-prefix=x86_64-linux-gnu- --enable-shared --enable-linker-build-id --libexecdir=/usr/lib --without-included-gettext --enable-threads=posix --libdir=/usr/lib --enable-nls --enable-bootstrap --enable-clocale=gnu --enable-libstdcxx-debug --enable-libstdcxx-time=yes --with-default-libstdcxx-abi=new --enable-gnu-unique-object --disable-vtable-verify --enable-plugin --enable-default-pie --with-system-zlib --enable-libphobos-checking=release --with-target-system-zlib=auto --enable-objc-gc=auto --enable-multiarch --disable-werror --enable-cet --with-arch-32=i686 --with-abi=m64 --with-multilib-list=m32,m64,mx32 --enable-multilib --with-tune=generic --enable-offload-targets=nvptx-none=/build/gcc-11-XeT9lY/gcc-11-11.4.0/debian/tmp-nvptx/usr,amdgcn-amdhsa=/build/gcc-11-XeT9lY/gcc-11-11.4.0/debian/tmp-gcn/usr --without-cuda-driver --enable-checking=release --build=x86_64-linux-gnu --host=x86_64-linux-gnu --target=x86_64-linux-gnu --with-build-config=bootstrap-lto-lean --enable-link-serialization=2
Thread model: posix
Supported LTO compression algorithms: zlib zstd
gcc version 11.4.0 (Ubuntu 11.4.0-1ubuntu1~22.04) 
... rest of stderr output deleted ...
configure:4872: $? = 0
configure:4861: gcc -V >&5
gcc: error: unrecognized command-line option '-V'
gcc: fatal error: no input files
compilation terminated.
configure:4872: $? = 1
configure:4861: gcc -qversion >&5
gcc: error: unrecognized command-line option '-qversion'; did you mean '--version'?
gcc: fatal error: no input files
compilation terminated.
configure:4872: $? = 1
configure:4861: gcc -version >&5
gcc: error: unrecognized command-line option '-version'
gcc: fatal error: no input files
compilation terminated.
configure:4872: $? = 1
configure:4892: checking whether the C compiler works
configure:4914: gcc    conftest.c  >&5
configure:4918: $? = 0
configure:4968: result: yes
configure:4971: checking for C compiler default output file name
configure:4973: result: a.out
configure:4979: checking for suffix of executables
configure:4986: gcc -o conftest    conftest.c  >&5
configure:4990: $? = 0
configure:5013: result: 
configure:5035: checking whether we are cross compiling
configure:5043: gcc -o conftest    conftest.c  >&5
configure:5047: $? = 0
configure:5054: ./conftest
configure:5058: $? = 0
configure:5073: result: no
configure:5078: checking for suffix of object files
configure:5101: gcc -c   conftest.c >&5
configure:5105: $? = 0
configure:5127: result: o
configure:5131: checking whether the compiler supports GNU C
configure:5151: gcc -c   conftest.c >&5
configure:5151: $? = 0
configure:5161: result: yes
configure:5172: checking whether gcc accepts -g
configure:5193: gcc -c -g  conftest.c >&5
configure:5193: $? = 0
configure:5237: result: yes
configure:5257: checking for gcc option to enable C11 features
configure:5272: gcc  -c   conftest.c >&5
configure:5272: $? = 0
configure:5290: result: none needed
configure:5406: checking whether gcc understands -c and -o together
configure:5429: gcc -c conftest.c -o conftest2.o
configure:5432: $? = 0
configure:5429: gcc -c conftest.c -o conftest2.o
configure:5432: $? = 0
configure:5444: result: yes
configure:5464: checking whether make supports the include directive
configure:5479: make -f confmf.GNU && cat confinc.out
this is the am__doit target
configure:5482: $? = 0
configure:5501: result: yes (GNU style)
configure:5527: checking dependency style of gcc
configure:5639: result: gcc3
configure:5661: checking for stdio.h
configure:5661: gcc -c   conftest.c >&5
configure:5661: $? = 0
configure:5661: result: yes
configure:5661: checking for stdlib.h
configure:5661: gcc -c   conftest.c >&5
configure:5661: $? = 0
configure:5661: result: yes
configure:5661: checking for string.h
configure:5661: gcc -c   conftest.c >&5
configure:5661: $? = 0
configure:5661: result: yes
configure:5661: checking for inttypes.h
configure:5661: gcc -c   conftest.c >&5
configure:5661: $? = 0
configure:5661: result: yes
configure:5661: checking for stdint.h
configure:5661: gcc -c   conftest.c >&5
configure:5661: $? = 0
configure:5661: result: yes
configure:5661: checking for strings.h
configure:5661: gcc -c   conftest.c >&5
configure:5661: $? = 0
configure:5661: result: yes
configure:5661: checking for sys/stat.h
configure:5661: gcc -c   conftest.c >&5
configure:5661: $? = 0
configure:5661: result: yes
configure:5661: checking for sys/types.h
configure:5661: gcc -c   conftest.c >&5
configure:5661: $? = 0
configure:5661: result: yes
configure:5661: checking for unistd.h
configure:5661: gcc -c   conftest.c >&5
configure:5661: $? = 0
configure:5661: result: yes
configure:5661: checking for wchar.h
configure:5661: gcc -c   conftest.c >&5
configure:5661: $? = 0
configure:5661: result: yes
configure:5661: checking for minix/config.h
configure:5661: gcc -c   conftest.c >&5
conftest.c:51:10: fatal error: minix/config.h: No such file or directory
   51 | #include <minix/config.h>
      |          ^~~~~~~~~~~~~~~~
compilation terminated.
configure:5661: $? = 1
configure: failed program was:
| /* confdefs.h */
| #define PACKAGE_NAME "i3lock-color"
| #define PACKAGE_TARNAME "i3lock-color"
| #define PACKAGE_VERSION "2.13.c.5"
| #define PACKAGE_STRING "i3lock-color 2.13.c.5"
| #define PACKAGE_BUGREPORT "https://github.com/Raymo11/i3lock-color/issues"
| #define PACKAGE_URL ""
| #define PACKAGE "i3lock-color"
| #define VERSION "2.13.c.5"
| #define I3LOCK_VERSION "2.13.c.5-1-g46aa0b3 (2024-01-17)"
| #define NDEBUG /**/
| #define HAVE_STDIO_H 1
| #define HAVE_STDLIB_H 1
| #define HAVE_STRING_H 1
| #define HAVE_INTTYPES_H 1
| #define HAVE_STDINT_H 1
| #define HAVE_STRINGS_H 1
| #define HAVE_SYS_STAT_H 1
| #define HAVE_SYS_TYPES_H 1
| #define HAVE_UNISTD_H 1
| #define HAVE_WCHAR_H 1
| /* end confdefs.h.  */
| #include <stddef.h>
| #ifdef HAVE_STDIO_H
| # include <stdio.h>
| #endif
| #ifdef HAVE_STDLIB_H
| # include <stdlib.h>
| #endif
| #ifdef HAVE_STRING_H
| # include <string.h>
| #endif
| #ifdef HAVE_INTTYPES_H
| # include <inttypes.h>
| #endif
| #ifdef HAVE_STDINT_H
| # include <stdint.h>
| #endif
| #ifdef HAVE_STRINGS_H
| # include <strings.h>
| #endif
| #ifdef HAVE_SYS_TYPES_H
| # include <sys/types.h>
| #endif
| #ifdef HAVE_SYS_STAT_H
| # include <sys/stat.h>
| #endif
| #ifdef HAVE_UNISTD_H
| # include <unistd.h>
| #endif
| #include <minix/config.h>
configure:5661: result: no
configure:5661: checking for vfork.h
configure:5661: gcc -c   conftest.c >&5
conftest.c:51:10: fatal error: vfork.h: No such file or directory
   51 | #include <vfork.h>
      |          ^~~~~~~~~
compilation terminated.
configure:5661: $? = 1
configure: failed program was:
| /* confdefs.h */
| #define PACKAGE_NAME "i3lock-color"
| #define PACKAGE_TARNAME "i3lock-color"
| #define PACKAGE_VERSION "2.13.c.5"
| #define PACKAGE_STRING "i3lock-color 2.13.c.5"
| #define PACKAGE_BUGREPORT "https://github.com/Raymo11/i3lock-color/issues"
| #define PACKAGE_URL ""
| #define PACKAGE "i3lock-color"
| #define VERSION "2.13.c.5"
| #define I3LOCK_VERSION "2.13.c.5-1-g46aa0b3 (2024-01-17)"
| #define NDEBUG /**/
| #define HAVE_STDIO_H 1
| #define HAVE_STDLIB_H 1
| #define HAVE_STRING_H 1
| #define HAVE_INTTYPES_H 1
| #define HAVE_STDINT_H 1
| #define HAVE_STRINGS_H 1
| #define HAVE_SYS_STAT_H 1
| #define HAVE_SYS_TYPES_H 1
| #define HAVE_UNISTD_H 1
| #define HAVE_WCHAR_H 1
| /* end confdefs.h.  */
| #include <stddef.h>
| #ifdef HAVE_STDIO_H
| # include <stdio.h>
| #endif
| #ifdef HAVE_STDLIB_H
| # include <stdlib.h>
| #endif
| #ifdef HAVE_STRING_H
| # include <string.h>
| #endif
| #ifdef HAVE_INTTYPES_H
| # include <inttypes.h>
| #endif
| #ifdef HAVE_STDINT_H
| # include <stdint.h>
| #endif
| #ifdef HAVE_STRINGS_H
| # include <strings.h>
| #endif
| #ifdef HAVE_SYS_TYPES_H
| # include <sys/types.h>
| #endif
| #ifdef HAVE_SYS_STAT_H
| # include <sys/stat.h>
| #endif
| #ifdef HAVE_UNISTD_H
| # include <unistd.h>
| #endif
| #include <vfork.h>
configure:5661: result: no
configure:5692: checking whether it is safe to define __EXTENSIONS__
configure:5711: gcc -c   conftest.c >&5
configure:5711: $? = 0
configure:5719: result: yes
configure:5722: checking whether _XOPEN_SOURCE should be defined
configure:5744: gcc -c   conftest.c >&5
configure:5744: $? = 0
configure:5771: result: no
configure:5829: checking for _Bool
configure:5829: gcc -c   conftest.c >&5
configure:5829: $? = 0
configure:5829: gcc -c   conftest.c >&5
conftest.c: In function 'main':
conftest.c:71:20: error: expected expression before ')' token
   71 | if (sizeof ((_Bool)))
      |                    ^
configure:5829: $? = 1
configure: failed program was:
| /* confdefs.h */
| #define PACKAGE_NAME "i3lock-color"
| #define PACKAGE_TARNAME "i3lock-color"
| #define PACKAGE_VERSION "2.13.c.5"
| #define PACKAGE_STRING "i3lock-color 2.13.c.5"
| #define PACKAGE_BUGREPORT "https://github.com/Raymo11/i3lock-color/issues"
| #define PACKAGE_URL ""
| #define PACKAGE "i3lock-color"
| #define VERSION "2.13.c.5"
| #define I3LOCK_VERSION "2.13.c.5-1-g46aa0b3 (2024-01-17)"
| #define NDEBUG /**/
| #define HAVE_STDIO_H 1
| #define HAVE_STDLIB_H 1
| #define HAVE_STRING_H 1
| #define HAVE_INTTYPES_H 1
| #define HAVE_STDINT_H 1
| #define HAVE_STRINGS_H 1
| #define HAVE_SYS_STAT_H 1
| #define HAVE_SYS_TYPES_H 1
| #define HAVE_UNISTD_H 1
| #define HAVE_WCHAR_H 1
| #define STDC_HEADERS 1
| #define _ALL_SOURCE 1
| #define _DARWIN_C_SOURCE 1
| #define _GNU_SOURCE 1
| #define _HPUX_ALT_XOPEN_SOCKET_API 1
| #define _NETBSD_SOURCE 1
| #define _OPENBSD_SOURCE 1
| #define _POSIX_PTHREAD_SEMANTICS 1
| #define __STDC_WANT_IEC_60559_ATTRIBS_EXT__ 1
| #define __STDC_WANT_IEC_60559_BFP_EXT__ 1
| #define __STDC_WANT_IEC_60559_DFP_EXT__ 1
| #define __STDC_WANT_IEC_60559_FUNCS_EXT__ 1
| #define __STDC_WANT_IEC_60559_TYPES_EXT__ 1
| #define __STDC_WANT_LIB_EXT2__ 1
| #define __STDC_WANT_MATH_SPEC_FUNCS__ 1
| #define _TANDEM_SOURCE 1
| #define __EXTENSIONS__ 1
| /* end confdefs.h.  */
| #include <stddef.h>
| #ifdef HAVE_STDIO_H
| # include <stdio.h>
| #endif
| #ifdef HAVE_STDLIB_H
| # include <stdlib.h>
| #endif
| #ifdef HAVE_STRING_H
| # include <string.h>
| #endif
| #ifdef HAVE_INTTYPES_H
| # include <inttypes.h>
| #endif
| #ifdef HAVE_STDINT_H
| # include <stdint.h>
| #endif
| #ifdef HAVE_STRINGS_H
| # include <strings.h>
| #endif
| #ifdef HAVE_SYS_TYPES_H
| # include <sys/types.h>
| #endif
| #ifdef HAVE_SYS_STAT_H
| # include <sys/stat.h>
| #endif
| #ifdef HAVE_UNISTD_H
| # include <unistd.h>
| #endif
| int
| main (void)
| {
| if (sizeof ((_Bool)))
| 	    return 0;
|   ;
|   return 0;
| }
configure:5829: result: yes
configure:5838: checking for stdbool.h that conforms to C99
configure:5954: gcc -c   conftest.c >&5
configure:5954: $? = 0
configure:5962: result: yes
configure:5965: checking for mode_t
configure:5965: gcc -c   conftest.c >&5
configure:5965: $? = 0
configure:5965: gcc -c   conftest.c >&5
conftest.c: In function 'main':
conftest.c:72:21: error: expected expression before ')' token
   72 | if (sizeof ((mode_t)))
      |                     ^
configure:5965: $? = 1
configure: failed program was:
| /* confdefs.h */
| #define PACKAGE_NAME "i3lock-color"
| #define PACKAGE_TARNAME "i3lock-color"
| #define PACKAGE_VERSION "2.13.c.5"
| #define PACKAGE_STRING "i3lock-color 2.13.c.5"
| #define PACKAGE_BUGREPORT "https://github.com/Raymo11/i3lock-color/issues"
| #define PACKAGE_URL ""
| #define PACKAGE "i3lock-color"
| #define VERSION "2.13.c.5"
| #define I3LOCK_VERSION "2.13.c.5-1-g46aa0b3 (2024-01-17)"
| #define NDEBUG /**/
| #define HAVE_STDIO_H 1
| #define HAVE_STDLIB_H 1
| #define HAVE_STRING_H 1
| #define HAVE_INTTYPES_H 1
| #define HAVE_STDINT_H 1
| #define HAVE_STRINGS_H 1
| #define HAVE_SYS_STAT_H 1
| #define HAVE_SYS_TYPES_H 1
| #define HAVE_UNISTD_H 1
| #define HAVE_WCHAR_H 1
| #define STDC_HEADERS 1
| #define _ALL_SOURCE 1
| #define _DARWIN_C_SOURCE 1
| #define _GNU_SOURCE 1
| #define _HPUX_ALT_XOPEN_SOCKET_API 1
| #define _NETBSD_SOURCE 1
| #define _OPENBSD_SOURCE 1
| #define _POSIX_PTHREAD_SEMANTICS 1
| #define __STDC_WANT_IEC_60559_ATTRIBS_EXT__ 1
| #define __STDC_WANT_IEC_60559_BFP_EXT__ 1
| #define __STDC_WANT_IEC_60559_DFP_EXT__ 1
| #define __STDC_WANT_IEC_60559_FUNCS_EXT__ 1
| #define __STDC_WANT_IEC_60559_TYPES_EXT__ 1
| #define __STDC_WANT_LIB_EXT2__ 1
| #define __STDC_WANT_MATH_SPEC_FUNCS__ 1
| #define _TANDEM_SOURCE 1
| #define __EXTENSIONS__ 1
| #define HAVE__BOOL 1
| /* end confdefs.h.  */
| #include <stddef.h>
| #ifdef HAVE_STDIO_H
| # include <stdio.h>
| #endif
| #ifdef HAVE_STDLIB_H
| # include <stdlib.h>
| #endif
| #ifdef HAVE_STRING_H
| # include <string.h>
| #endif
| #ifdef HAVE_INTTYPES_H
| # include <inttypes.h>
| #endif
| #ifdef HAVE_STDINT_H
| # include <stdint.h>
| #endif
| #ifdef HAVE_STRINGS_H
| # include <strings.h>
| #endif
| #ifdef HAVE_SYS_TYPES_H
| # include <sys/types.h>
| #endif
| #ifdef HAVE_SYS_STAT_H
| # include <sys/stat.h>
| #endif
| #ifdef HAVE_UNISTD_H
| # include <unistd.h>
| #endif
| int
| main (void)
| {
| if (sizeof ((mode_t)))
| 	    return 0;
|   ;
|   return 0;
| }
configure:5965: result: yes
configure:5978: checking for off_t
configure:5978: gcc -c   conftest.c >&5
configure:5978: $? = 0
configure:5978: gcc -c   conftest.c >&5
conftest.c: In function 'main':
conftest.c:73:20: error: expected expression before ')' token
   73 | if (sizeof ((off_t)))
      |                    ^
configure:5978: $? = 1
configure: failed program was:
| /* confdefs.h */
| #define PACKAGE_NAME "i3lock-color"
| #define PACKAGE_TARNAME "i3lock-color"
| #define PACKAGE_VERSION "2.13.c.5"
| #define PACKAGE_STRING "i3lock-color 2.13.c.5"
| #define PACKAGE_BUGREPORT "https://github.com/Raymo11/i3lock-color/issues"
| #define PACKAGE_URL ""
| #define PACKAGE "i3lock-color"
| #define VERSION "2.13.c.5"
| #define I3LOCK_VERSION "2.13.c.5-1-g46aa0b3 (2024-01-17)"
| #define NDEBUG /**/
| #define HAVE_STDIO_H 1
| #define HAVE_STDLIB_H 1
| #define HAVE_STRING_H 1
| #define HAVE_INTTYPES_H 1
| #define HAVE_STDINT_H 1
| #define HAVE_STRINGS_H 1
| #define HAVE_SYS_STAT_H 1
| #define HAVE_SYS_TYPES_H 1
| #define HAVE_UNISTD_H 1
| #define HAVE_WCHAR_H 1
| #define STDC_HEADERS 1
| #define _ALL_SOURCE 1
| #define _DARWIN_C_SOURCE 1
| #define _GNU_SOURCE 1
| #define _HPUX_ALT_XOPEN_SOCKET_API 1
| #define _NETBSD_SOURCE 1
| #define _OPENBSD_SOURCE 1
| #define _POSIX_PTHREAD_SEMANTICS 1
| #define __STDC_WANT_IEC_60559_ATTRIBS_EXT__ 1
| #define __STDC_WANT_IEC_60559_BFP_EXT__ 1
| #define __STDC_WANT_IEC_60559_DFP_EXT__ 1
| #define __STDC_WANT_IEC_60559_FUNCS_EXT__ 1
| #define __STDC_WANT_IEC_60559_TYPES_EXT__ 1
| #define __STDC_WANT_LIB_EXT2__ 1
| #define __STDC_WANT_MATH_SPEC_FUNCS__ 1
| #define _TANDEM_SOURCE 1
| #define __EXTENSIONS__ 1
| #define HAVE__BOOL 1
| #define HAVE_MODE_T 1
| /* end confdefs.h.  */
| #include <stddef.h>
| #ifdef HAVE_STDIO_H
| # include <stdio.h>
| #endif
| #ifdef HAVE_STDLIB_H
| # include <stdlib.h>
| #endif
| #ifdef HAVE_STRING_H
| # include <string.h>
| #endif
| #ifdef HAVE_INTTYPES_H
| # include <inttypes.h>
| #endif
| #ifdef HAVE_STDINT_H
| # include <stdint.h>
| #endif
| #ifdef HAVE_STRINGS_H
| # include <strings.h>
| #endif
| #ifdef HAVE_SYS_TYPES_H
| # include <sys/types.h>
| #endif
| #ifdef HAVE_SYS_STAT_H
| # include <sys/stat.h>
| #endif
| #ifdef HAVE_UNISTD_H
| # include <unistd.h>
| #endif
| int
| main (void)
| {
| if (sizeof ((off_t)))
| 	    return 0;
|   ;
|   return 0;
| }
configure:5978: result: yes
configure:5991: checking for pid_t
configure:5991: gcc -c   conftest.c >&5
configure:5991: $? = 0
configure:5991: gcc -c   conftest.c >&5
conftest.c: In function 'main':
conftest.c:74:20: error: expected expression before ')' token
   74 | if (sizeof ((pid_t)))
      |                    ^
configure:5991: $? = 1
configure: failed program was:
| /* confdefs.h */
| #define PACKAGE_NAME "i3lock-color"
| #define PACKAGE_TARNAME "i3lock-color"
| #define PACKAGE_VERSION "2.13.c.5"
| #define PACKAGE_STRING "i3lock-color 2.13.c.5"
| #define PACKAGE_BUGREPORT "https://github.com/Raymo11/i3lock-color/issues"
| #define PACKAGE_URL ""
| #define PACKAGE "i3lock-color"
| #define VERSION "2.13.c.5"
| #define I3LOCK_VERSION "2.13.c.5-1-g46aa0b3 (2024-01-17)"
| #define NDEBUG /**/
| #define HAVE_STDIO_H 1
| #define HAVE_STDLIB_H 1
| #define HAVE_STRING_H 1
| #define HAVE_INTTYPES_H 1
| #define HAVE_STDINT_H 1
| #define HAVE_STRINGS_H 1
| #define HAVE_SYS_STAT_H 1
| #define HAVE_SYS_TYPES_H 1
| #define HAVE_UNISTD_H 1
| #define HAVE_WCHAR_H 1
| #define STDC_HEADERS 1
| #define _ALL_SOURCE 1
| #define _DARWIN_C_SOURCE 1
| #define _GNU_SOURCE 1
| #define _HPUX_ALT_XOPEN_SOCKET_API 1
| #define _NETBSD_SOURCE 1
| #define _OPENBSD_SOURCE 1
| #define _POSIX_PTHREAD_SEMANTICS 1
| #define __STDC_WANT_IEC_60559_ATTRIBS_EXT__ 1
| #define __STDC_WANT_IEC_60559_BFP_EXT__ 1
| #define __STDC_WANT_IEC_60559_DFP_EXT__ 1
| #define __STDC_WANT_IEC_60559_FUNCS_EXT__ 1
| #define __STDC_WANT_IEC_60559_TYPES_EXT__ 1
| #define __STDC_WANT_LIB_EXT2__ 1
| #define __STDC_WANT_MATH_SPEC_FUNCS__ 1
| #define _TANDEM_SOURCE 1
| #define __EXTENSIONS__ 1
| #define HAVE__BOOL 1
| #define HAVE_MODE_T 1
| #define HAVE_OFF_T 1
| /* end confdefs.h.  */
| #include <stddef.h>
| #ifdef HAVE_STDIO_H
| # include <stdio.h>
| #endif
| #ifdef HAVE_STDLIB_H
| # include <stdlib.h>
| #endif
| #ifdef HAVE_STRING_H
| # include <string.h>
| #endif
| #ifdef HAVE_INTTYPES_H
| # include <inttypes.h>
| #endif
| #ifdef HAVE_STDINT_H
| # include <stdint.h>
| #endif
| #ifdef HAVE_STRINGS_H
| # include <strings.h>
| #endif
| #ifdef HAVE_SYS_TYPES_H
| # include <sys/types.h>
| #endif
| #ifdef HAVE_SYS_STAT_H
| # include <sys/stat.h>
| #endif
| #ifdef HAVE_UNISTD_H
| # include <unistd.h>
| #endif
| int
| main (void)
| {
| if (sizeof ((pid_t)))
| 	    return 0;
|   ;
|   return 0;
| }
configure:5991: result: yes
configure:6004: checking for size_t
configure:6004: gcc -c   conftest.c >&5
configure:6004: $? = 0
configure:6004: gcc -c   conftest.c >&5
conftest.c: In function 'main':
conftest.c:75:21: error: expected expression before ')' token
   75 | if (sizeof ((size_t)))
      |                     ^
configure:6004: $? = 1
configure: failed program was:
| /* confdefs.h */
| #define PACKAGE_NAME "i3lock-color"
| #define PACKAGE_TARNAME "i3lock-color"
| #define PACKAGE_VERSION "2.13.c.5"
| #define PACKAGE_STRING "i3lock-color 2.13.c.5"
| #define PACKAGE_BUGREPORT "https://github.com/Raymo11/i3lock-color/issues"
| #define PACKAGE_URL ""
| #define PACKAGE "i3lock-color"
| #define VERSION "2.13.c.5"
| #define I3LOCK_VERSION "2.13.c.5-1-g46aa0b3 (2024-01-17)"
| #define NDEBUG /**/
| #define HAVE_STDIO_H 1
| #define HAVE_STDLIB_H 1
| #define HAVE_STRING_H 1
| #define HAVE_INTTYPES_H 1
| #define HAVE_STDINT_H 1
| #define HAVE_STRINGS_H 1
| #define HAVE_SYS_STAT_H 1
| #define HAVE_SYS_TYPES_H 1
| #define HAVE_UNISTD_H 1
| #define HAVE_WCHAR_H 1
| #define STDC_HEADERS 1
| #define _ALL_SOURCE 1
| #define _DARWIN_C_SOURCE 1
| #define _GNU_SOURCE 1
| #define _HPUX_ALT_XOPEN_SOCKET_API 1
| #define _NETBSD_SOURCE 1
| #define _OPENBSD_SOURCE 1
| #define _POSIX_PTHREAD_SEMANTICS 1
| #define __STDC_WANT_IEC_60559_ATTRIBS_EXT__ 1
| #define __STDC_WANT_IEC_60559_BFP_EXT__ 1
| #define __STDC_WANT_IEC_60559_DFP_EXT__ 1
| #define __STDC_WANT_IEC_60559_FUNCS_EXT__ 1
| #define __STDC_WANT_IEC_60559_TYPES_EXT__ 1
| #define __STDC_WANT_LIB_EXT2__ 1
| #define __STDC_WANT_MATH_SPEC_FUNCS__ 1
| #define _TANDEM_SOURCE 1
| #define __EXTENSIONS__ 1
| #define HAVE__BOOL 1
| #define HAVE_MODE_T 1
| #define HAVE_OFF_T 1
| #define HAVE_PID_T 1
| /* end confdefs.h.  */
| #include <stddef.h>
| #ifdef HAVE_STDIO_H
| # include <stdio.h>
| #endif
| #ifdef HAVE_STDLIB_H
| # include <stdlib.h>
| #endif
| #ifdef HAVE_STRING_H
| # include <string.h>
| #endif
| #ifdef HAVE_INTTYPES_H
| # include <inttypes.h>
| #endif
| #ifdef HAVE_STDINT_H
| # include <stdint.h>
| #endif
| #ifdef HAVE_STRINGS_H
| # include <strings.h>
| #endif
| #ifdef HAVE_SYS_TYPES_H
| # include <sys/types.h>
| #endif
| #ifdef HAVE_SYS_STAT_H
| # include <sys/stat.h>
| #endif
| #ifdef HAVE_UNISTD_H
| # include <unistd.h>
| #endif
| int
| main (void)
| {
| if (sizeof ((size_t)))
| 	    return 0;
|   ;
|   return 0;
| }
configure:6004: result: yes
configure:6017: checking for ssize_t
configure:6017: gcc -c   conftest.c >&5
configure:6017: $? = 0
configure:6017: gcc -c   conftest.c >&5
conftest.c: In function 'main':
conftest.c:76:22: error: expected expression before ')' token
   76 | if (sizeof ((ssize_t)))
      |                      ^
configure:6017: $? = 1
configure: failed program was:
| /* confdefs.h */
| #define PACKAGE_NAME "i3lock-color"
| #define PACKAGE_TARNAME "i3lock-color"
| #define PACKAGE_VERSION "2.13.c.5"
| #define PACKAGE_STRING "i3lock-color 2.13.c.5"
| #define PACKAGE_BUGREPORT "https://github.com/Raymo11/i3lock-color/issues"
| #define PACKAGE_URL ""
| #define PACKAGE "i3lock-color"
| #define VERSION "2.13.c.5"
| #define I3LOCK_VERSION "2.13.c.5-1-g46aa0b3 (2024-01-17)"
| #define NDEBUG /**/
| #define HAVE_STDIO_H 1
| #define HAVE_STDLIB_H 1
| #define HAVE_STRING_H 1
| #define HAVE_INTTYPES_H 1
| #define HAVE_STDINT_H 1
| #define HAVE_STRINGS_H 1
| #define HAVE_SYS_STAT_H 1
| #define HAVE_SYS_TYPES_H 1
| #define HAVE_UNISTD_H 1
| #define HAVE_WCHAR_H 1
| #define STDC_HEADERS 1
| #define _ALL_SOURCE 1
| #define _DARWIN_C_SOURCE 1
| #define _GNU_SOURCE 1
| #define _HPUX_ALT_XOPEN_SOCKET_API 1
| #define _NETBSD_SOURCE 1
| #define _OPENBSD_SOURCE 1
| #define _POSIX_PTHREAD_SEMANTICS 1
| #define __STDC_WANT_IEC_60559_ATTRIBS_EXT__ 1
| #define __STDC_WANT_IEC_60559_BFP_EXT__ 1
| #define __STDC_WANT_IEC_60559_DFP_EXT__ 1
| #define __STDC_WANT_IEC_60559_FUNCS_EXT__ 1
| #define __STDC_WANT_IEC_60559_TYPES_EXT__ 1
| #define __STDC_WANT_LIB_EXT2__ 1
| #define __STDC_WANT_MATH_SPEC_FUNCS__ 1
| #define _TANDEM_SOURCE 1
| #define __EXTENSIONS__ 1
| #define HAVE__BOOL 1
| #define HAVE_MODE_T 1
| #define HAVE_OFF_T 1
| #define HAVE_PID_T 1
| #define HAVE_SIZE_T 1
| /* end confdefs.h.  */
| #include <stddef.h>
| #ifdef HAVE_STDIO_H
| # include <stdio.h>
| #endif
| #ifdef HAVE_STDLIB_H
| # include <stdlib.h>
| #endif
| #ifdef HAVE_STRING_H
| # include <string.h>
| #endif
| #ifdef HAVE_INTTYPES_H
| # include <inttypes.h>
| #endif
| #ifdef HAVE_STDINT_H
| # include <stdint.h>
| #endif
| #ifdef HAVE_STRINGS_H
| # include <strings.h>
| #endif
| #ifdef HAVE_SYS_TYPES_H
| # include <sys/types.h>
| #endif
| #ifdef HAVE_SYS_STAT_H
| # include <sys/stat.h>
| #endif
| #ifdef HAVE_UNISTD_H
| # include <unistd.h>
| #endif
| int
| main (void)
| {
| if (sizeof ((ssize_t)))
| 	    return 0;
|   ;
|   return 0;
| }
configure:6017: result: yes
configure:6034: checking for pid_t
configure:6034: result: yes
configure:6075: checking for fork
configure:6075: gcc -o conftest    conftest.c  >&5
conftest.c:62:6: warning: conflicting types for built-in function 'fork'; expected 'int(void)' [-Wbuiltin-declaration-mismatch]
   62 | char fork ();
      |      ^~~~
configure:6075: $? = 0
configure:6075: result: yes
configure:6075: checking for vfork
configure:6075: gcc -o conftest    conftest.c  >&5
configure:6075: $? = 0
configure:6075: result: yes
configure:6088: checking for working fork
configure:6112: gcc -o conftest    conftest.c  >&5
configure:6112: $? = 0
configure:6112: ./conftest
configure:6112: $? = 0
configure:6123: result: yes
configure:6144: checking for working vfork
configure:6273: result: yes
configure:6298: checking whether lstat correctly handles trailing slash
configure:6331: gcc -o conftest    conftest.c  >&5
configure:6331: $? = 0
configure:6331: ./conftest
configure:6331: $? = 0
configure:6349: result: yes
configure:6366: checking for working strnlen
configure:6406: gcc -o conftest    conftest.c  >&5
configure:6406: $? = 0
configure:6406: ./conftest
configure:6406: $? = 0
configure:6417: result: yes
configure:6430: checking for atexit
configure:6430: gcc -o conftest    conftest.c  >&5
configure:6430: $? = 0
configure:6430: result: yes
configure:6430: checking for dup2
configure:6430: gcc -o conftest    conftest.c  >&5
configure:6430: $? = 0
configure:6430: result: yes
configure:6430: checking for ftruncate
configure:6430: gcc -o conftest    conftest.c  >&5
configure:6430: $? = 0
configure:6430: result: yes
configure:6430: checking for getcwd
configure:6430: gcc -o conftest    conftest.c  >&5
configure:6430: $? = 0
configure:6430: result: yes
configure:6430: checking for gettimeofday
configure:6430: gcc -o conftest    conftest.c  >&5
configure:6430: $? = 0
configure:6430: result: yes
configure:6430: checking for localtime_r
configure:6430: gcc -o conftest    conftest.c  >&5
configure:6430: $? = 0
configure:6430: result: yes
configure:6430: checking for memchr
configure:6430: gcc -o conftest    conftest.c  >&5
conftest.c:73:6: warning: conflicting types for built-in function 'memchr'; expected 'void *(const void *, int,  long unsigned int)' [-Wbuiltin-declaration-mismatch]
   73 | char memchr ();
      |      ^~~~~~
conftest.c:65:1: note: 'memchr' is declared in header '<string.h>'
   64 | #include <limits.h>
   65 | #undef memchr
configure:6430: $? = 0
configure:6430: result: yes
configure:6430: checking for memset
configure:6430: gcc -o conftest    conftest.c  >&5
conftest.c:74:6: warning: conflicting types for built-in function 'memset'; expected 'void *(void *, int,  long unsigned int)' [-Wbuiltin-declaration-mismatch]
   74 | char memset ();
      |      ^~~~~~
conftest.c:66:1: note: 'memset' is declared in header '<string.h>'
   65 | #include <limits.h>
   66 | #undef memset
configure:6430: $? = 0
configure:6430: result: yes
configure:6430: checking for mkdir
configure:6430: gcc -o conftest    conftest.c  >&5
configure:6430: $? = 0
configure:6430: result: yes
configure:6430: checking for rmdir
configure:6430: gcc -o conftest    conftest.c  >&5
configure:6430: $? = 0
configure:6430: result: yes
configure:6430: checking for setlocale
configure:6430: gcc -o conftest    conftest.c  >&5
configure:6430: $? = 0
configure:6430: result: yes
configure:6430: checking for socket
configure:6430: gcc -o conftest    conftest.c  >&5
configure:6430: $? = 0
configure:6430: result: yes
configure:6430: checking for strcasecmp
configure:6430: gcc -o conftest    conftest.c  >&5
conftest.c:79:6: warning: conflicting types for built-in function 'strcasecmp'; expected 'int(const char *, const char *)' [-Wbuiltin-declaration-mismatch]
   79 | char strcasecmp ();
      |      ^~~~~~~~~~
configure:6430: $? = 0
configure:6430: result: yes
configure:6430: checking for strchr
configure:6430: gcc -o conftest    conftest.c  >&5
conftest.c:80:6: warning: conflicting types for built-in function 'strchr'; expected 'char *(const char *, int)' [-Wbuiltin-declaration-mismatch]
   80 | char strchr ();
      |      ^~~~~~
conftest.c:72:1: note: 'strchr' is declared in header '<string.h>'
   71 | #include <limits.h>
   72 | #undef strchr
configure:6430: $? = 0
configure:6430: result: yes
configure:6430: checking for strdup
configure:6430: gcc -o conftest    conftest.c  >&5
conftest.c:81:6: warning: conflicting types for built-in function 'strdup'; expected 'char *(const char *)' [-Wbuiltin-declaration-mismatch]
   81 | char strdup ();
      |      ^~~~~~
configure:6430: $? = 0
configure:6430: result: yes
configure:6430: checking for strerror
configure:6430: gcc -o conftest    conftest.c  >&5
configure:6430: $? = 0
configure:6430: result: yes
configure:6430: checking for strncasecmp
configure:6430: gcc -o conftest    conftest.c  >&5
conftest.c:83:6: warning: conflicting types for built-in function 'strncasecmp'; expected 'int(const char *, const char *, long unsigned int)' [-Wbuiltin-declaration-mismatch]
   83 | char strncasecmp ();
      |      ^~~~~~~~~~~
configure:6430: $? = 0
configure:6430: result: yes
configure:6430: checking for strndup
configure:6430: gcc -o conftest    conftest.c  >&5
conftest.c:84:6: warning: conflicting types for built-in function 'strndup'; expected 'char *(const char *, long unsigned int)' [-Wbuiltin-declaration-mismatch]
   84 | char strndup ();
      |      ^~~~~~~
configure:6430: $? = 0
configure:6430: result: yes
configure:6430: checking for strrchr
configure:6430: gcc -o conftest    conftest.c  >&5
conftest.c:85:6: warning: conflicting types for built-in function 'strrchr'; expected 'char *(const char *, int)' [-Wbuiltin-declaration-mismatch]
   85 | char strrchr ();
      |      ^~~~~~~
conftest.c:77:1: note: 'strrchr' is declared in header '<string.h>'
   76 | #include <limits.h>
   77 | #undef strrchr
configure:6430: $? = 0
configure:6430: result: yes
configure:6430: checking for strspn
configure:6430: gcc -o conftest    conftest.c  >&5
conftest.c:86:6: warning: conflicting types for built-in function 'strspn'; expected 'long unsigned int(const char *, const char *)' [-Wbuiltin-declaration-mismatch]
   86 | char strspn ();
      |      ^~~~~~
conftest.c:78:1: note: 'strspn' is declared in header '<string.h>'
   77 | #include <limits.h>
   78 | #undef strspn
configure:6430: $? = 0
configure:6430: result: yes
configure:6430: checking for strstr
configure:6430: gcc -o conftest    conftest.c  >&5
conftest.c:87:6: warning: conflicting types for built-in function 'strstr'; expected 'char *(const char *, const char *)' [-Wbuiltin-declaration-mismatch]
   87 | char strstr ();
      |      ^~~~~~
conftest.c:79:1: note: 'strstr' is declared in header '<string.h>'
   78 | #include <limits.h>
   79 | #undef strstr
configure:6430: $? = 0
configure:6430: result: yes
configure:6430: checking for strtol
configure:6430: gcc -o conftest    conftest.c  >&5
configure:6430: $? = 0
configure:6430: result: yes
configure:6430: checking for strtoul
configure:6430: gcc -o conftest    conftest.c  >&5
configure:6430: $? = 0
configure:6430: result: yes
configure:6445: checking for explicit_bzero
configure:6445: gcc -o conftest    conftest.c  >&5
configure:6445: $? = 0
configure:6445: result: yes
configure:6454: checking for library containing floor
configure:6484: gcc -o conftest    conftest.c  >&5
conftest.c:79:6: warning: conflicting types for built-in function 'floor'; expected 'double(double)' [-Wbuiltin-declaration-mismatch]
   79 | char floor ();
      |      ^~~~~
conftest.c:1:1: note: 'floor' is declared in header '<math.h>'
    1 | /* confdefs.h */
/usr/bin/ld: /tmp/ccRDdgRv.o: in function `main':
conftest.c:(.text+0xe): undefined reference to `floor'
collect2: error: ld returned 1 exit status
configure:6484: $? = 1
configure: failed program was:
| /* confdefs.h */
| #define PACKAGE_NAME "i3lock-color"
| #define PACKAGE_TARNAME "i3lock-color"
| #define PACKAGE_VERSION "2.13.c.5"
| #define PACKAGE_STRING "i3lock-color 2.13.c.5"
| #define PACKAGE_BUGREPORT "https://github.com/Raymo11/i3lock-color/issues"
| #define PACKAGE_URL ""
| #define PACKAGE "i3lock-color"
| #define VERSION "2.13.c.5"
| #define I3LOCK_VERSION "2.13.c.5-1-g46aa0b3 (2024-01-17)"
| #define NDEBUG /**/
| #define HAVE_STDIO_H 1
| #define HAVE_STDLIB_H 1
| #define HAVE_STRING_H 1
| #define HAVE_INTTYPES_H 1
| #define HAVE_STDINT_H 1
| #define HAVE_STRINGS_H 1
| #define HAVE_SYS_STAT_H 1
| #define HAVE_SYS_TYPES_H 1
| #define HAVE_UNISTD_H 1
| #define HAVE_WCHAR_H 1
| #define STDC_HEADERS 1
| #define _ALL_SOURCE 1
| #define _DARWIN_C_SOURCE 1
| #define _GNU_SOURCE 1
| #define _HPUX_ALT_XOPEN_SOCKET_API 1
| #define _NETBSD_SOURCE 1
| #define _OPENBSD_SOURCE 1
| #define _POSIX_PTHREAD_SEMANTICS 1
| #define __STDC_WANT_IEC_60559_ATTRIBS_EXT__ 1
| #define __STDC_WANT_IEC_60559_BFP_EXT__ 1
| #define __STDC_WANT_IEC_60559_DFP_EXT__ 1
| #define __STDC_WANT_IEC_60559_FUNCS_EXT__ 1
| #define __STDC_WANT_IEC_60559_TYPES_EXT__ 1
| #define __STDC_WANT_LIB_EXT2__ 1
| #define __STDC_WANT_MATH_SPEC_FUNCS__ 1
| #define _TANDEM_SOURCE 1
| #define __EXTENSIONS__ 1
| #define HAVE__BOOL 1
| #define HAVE_MODE_T 1
| #define HAVE_OFF_T 1
| #define HAVE_PID_T 1
| #define HAVE_SIZE_T 1
| #define HAVE_SSIZE_T 1
| #define HAVE_FORK 1
| #define HAVE_VFORK 1
| #define HAVE_WORKING_VFORK 1
| #define HAVE_WORKING_FORK 1
| #define LSTAT_FOLLOWS_SLASHED_SYMLINK 1
| #define HAVE_ATEXIT 1
| #define HAVE_DUP2 1
| #define HAVE_FTRUNCATE 1
| #define HAVE_GETCWD 1
| #define HAVE_GETTIMEOFDAY 1
| #define HAVE_LOCALTIME_R 1
| #define HAVE_MEMCHR 1
| #define HAVE_MEMSET 1
| #define HAVE_MKDIR 1
| #define HAVE_RMDIR 1
| #define HAVE_SETLOCALE 1
| #define HAVE_SOCKET 1
| #define HAVE_STRCASECMP 1
| #define HAVE_STRCHR 1
| #define HAVE_STRDUP 1
| #define HAVE_STRERROR 1
| #define HAVE_STRNCASECMP 1
| #define HAVE_STRNDUP 1
| #define HAVE_STRRCHR 1
| #define HAVE_STRSPN 1
| #define HAVE_STRSTR 1
| #define HAVE_STRTOL 1
| #define HAVE_STRTOUL 1
| #define HAVE_EXPLICIT_BZERO 1
| /* end confdefs.h.  */
| 
| /* Override any GCC internal prototype to avoid an error.
|    Use char because int might match the return type of a GCC
|    builtin and then its argument prototype would still apply.  */
| char floor ();
| int
| main (void)
| {
| return floor ();
|   ;
|   return 0;
| }
configure:6484: gcc -o conftest    conftest.c -lm   >&5
conftest.c:79:6: warning: conflicting types for built-in function 'floor'; expected 'double(double)' [-Wbuiltin-declaration-mismatch]
   79 | char floor ();
      |      ^~~~~
conftest.c:1:1: note: 'floor' is declared in header '<math.h>'
    1 | /* confdefs.h */
configure:6484: $? = 0
configure:6504: result: -lm
configure:6520: checking for library containing ev_run
configure:6550: gcc -o conftest    conftest.c -lm  >&5
/usr/bin/ld: /tmp/ccDxUu3u.o: in function `main':
conftest.c:(.text+0xe): undefined reference to `ev_run'
collect2: error: ld returned 1 exit status
configure:6550: $? = 1
configure: failed program was:
| /* confdefs.h */
| #define PACKAGE_NAME "i3lock-color"
| #define PACKAGE_TARNAME "i3lock-color"
| #define PACKAGE_VERSION "2.13.c.5"
| #define PACKAGE_STRING "i3lock-color 2.13.c.5"
| #define PACKAGE_BUGREPORT "https://github.com/Raymo11/i3lock-color/issues"
| #define PACKAGE_URL ""
| #define PACKAGE "i3lock-color"
| #define VERSION "2.13.c.5"
| #define I3LOCK_VERSION "2.13.c.5-1-g46aa0b3 (2024-01-17)"
| #define NDEBUG /**/
| #define HAVE_STDIO_H 1
| #define HAVE_STDLIB_H 1
| #define HAVE_STRING_H 1
| #define HAVE_INTTYPES_H 1
| #define HAVE_STDINT_H 1
| #define HAVE_STRINGS_H 1
| #define HAVE_SYS_STAT_H 1
| #define HAVE_SYS_TYPES_H 1
| #define HAVE_UNISTD_H 1
| #define HAVE_WCHAR_H 1
| #define STDC_HEADERS 1
| #define _ALL_SOURCE 1
| #define _DARWIN_C_SOURCE 1
| #define _GNU_SOURCE 1
| #define _HPUX_ALT_XOPEN_SOCKET_API 1
| #define _NETBSD_SOURCE 1
| #define _OPENBSD_SOURCE 1
| #define _POSIX_PTHREAD_SEMANTICS 1
| #define __STDC_WANT_IEC_60559_ATTRIBS_EXT__ 1
| #define __STDC_WANT_IEC_60559_BFP_EXT__ 1
| #define __STDC_WANT_IEC_60559_DFP_EXT__ 1
| #define __STDC_WANT_IEC_60559_FUNCS_EXT__ 1
| #define __STDC_WANT_IEC_60559_TYPES_EXT__ 1
| #define __STDC_WANT_LIB_EXT2__ 1
| #define __STDC_WANT_MATH_SPEC_FUNCS__ 1
| #define _TANDEM_SOURCE 1
| #define __EXTENSIONS__ 1
| #define HAVE__BOOL 1
| #define HAVE_MODE_T 1
| #define HAVE_OFF_T 1
| #define HAVE_PID_T 1
| #define HAVE_SIZE_T 1
| #define HAVE_SSIZE_T 1
| #define HAVE_FORK 1
| #define HAVE_VFORK 1
| #define HAVE_WORKING_VFORK 1
| #define HAVE_WORKING_FORK 1
| #define LSTAT_FOLLOWS_SLASHED_SYMLINK 1
| #define HAVE_ATEXIT 1
| #define HAVE_DUP2 1
| #define HAVE_FTRUNCATE 1
| #define HAVE_GETCWD 1
| #define HAVE_GETTIMEOFDAY 1
| #define HAVE_LOCALTIME_R 1
| #define HAVE_MEMCHR 1
| #define HAVE_MEMSET 1
| #define HAVE_MKDIR 1
| #define HAVE_RMDIR 1
| #define HAVE_SETLOCALE 1
| #define HAVE_SOCKET 1
| #define HAVE_STRCASECMP 1
| #define HAVE_STRCHR 1
| #define HAVE_STRDUP 1
| #define HAVE_STRERROR 1
| #define HAVE_STRNCASECMP 1
| #define HAVE_STRNDUP 1
| #define HAVE_STRRCHR 1
| #define HAVE_STRSPN 1
| #define HAVE_STRSTR 1
| #define HAVE_STRTOL 1
| #define HAVE_STRTOUL 1
| #define HAVE_EXPLICIT_BZERO 1
| /* end confdefs.h.  */
| 
| /* Override any GCC internal prototype to avoid an error.
|    Use char because int might match the return type of a GCC
|    builtin and then its argument prototype would still apply.  */
| char ev_run ();
| int
| main (void)
| {
| return ev_run ();
|   ;
|   return 0;
| }
configure:6550: gcc -o conftest    conftest.c -lev  -lm  >&5
configure:6550: $? = 0
configure:6570: result: -lev
configure:6585: checking for library containing shm_open
configure:6615: gcc -o conftest    conftest.c -lev -lm  >&5
configure:6615: $? = 0
configure:6635: result: none required
configure:6658: checking for library containing pam_authenticate
configure:6688: gcc -o conftest    conftest.c -lev -lm  >&5
/usr/bin/ld: /tmp/ccaZ6sVv.o: in function `main':
conftest.c:(.text+0xe): undefined reference to `pam_authenticate'
collect2: error: ld returned 1 exit status
configure:6688: $? = 1
configure: failed program was:
| /* confdefs.h */
| #define PACKAGE_NAME "i3lock-color"
| #define PACKAGE_TARNAME "i3lock-color"
| #define PACKAGE_VERSION "2.13.c.5"
| #define PACKAGE_STRING "i3lock-color 2.13.c.5"
| #define PACKAGE_BUGREPORT "https://github.com/Raymo11/i3lock-color/issues"
| #define PACKAGE_URL ""
| #define PACKAGE "i3lock-color"
| #define VERSION "2.13.c.5"
| #define I3LOCK_VERSION "2.13.c.5-1-g46aa0b3 (2024-01-17)"
| #define NDEBUG /**/
| #define HAVE_STDIO_H 1
| #define HAVE_STDLIB_H 1
| #define HAVE_STRING_H 1
| #define HAVE_INTTYPES_H 1
| #define HAVE_STDINT_H 1
| #define HAVE_STRINGS_H 1
| #define HAVE_SYS_STAT_H 1
| #define HAVE_SYS_TYPES_H 1
| #define HAVE_UNISTD_H 1
| #define HAVE_WCHAR_H 1
| #define STDC_HEADERS 1
| #define _ALL_SOURCE 1
| #define _DARWIN_C_SOURCE 1
| #define _GNU_SOURCE 1
| #define _HPUX_ALT_XOPEN_SOCKET_API 1
| #define _NETBSD_SOURCE 1
| #define _OPENBSD_SOURCE 1
| #define _POSIX_PTHREAD_SEMANTICS 1
| #define __STDC_WANT_IEC_60559_ATTRIBS_EXT__ 1
| #define __STDC_WANT_IEC_60559_BFP_EXT__ 1
| #define __STDC_WANT_IEC_60559_DFP_EXT__ 1
| #define __STDC_WANT_IEC_60559_FUNCS_EXT__ 1
| #define __STDC_WANT_IEC_60559_TYPES_EXT__ 1
| #define __STDC_WANT_LIB_EXT2__ 1
| #define __STDC_WANT_MATH_SPEC_FUNCS__ 1
| #define _TANDEM_SOURCE 1
| #define __EXTENSIONS__ 1
| #define HAVE__BOOL 1
| #define HAVE_MODE_T 1
| #define HAVE_OFF_T 1
| #define HAVE_PID_T 1
| #define HAVE_SIZE_T 1
| #define HAVE_SSIZE_T 1
| #define HAVE_FORK 1
| #define HAVE_VFORK 1
| #define HAVE_WORKING_VFORK 1
| #define HAVE_WORKING_FORK 1
| #define LSTAT_FOLLOWS_SLASHED_SYMLINK 1
| #define HAVE_ATEXIT 1
| #define HAVE_DUP2 1
| #define HAVE_FTRUNCATE 1
| #define HAVE_GETCWD 1
| #define HAVE_GETTIMEOFDAY 1
| #define HAVE_LOCALTIME_R 1
| #define HAVE_MEMCHR 1
| #define HAVE_MEMSET 1
| #define HAVE_MKDIR 1
| #define HAVE_RMDIR 1
| #define HAVE_SETLOCALE 1
| #define HAVE_SOCKET 1
| #define HAVE_STRCASECMP 1
| #define HAVE_STRCHR 1
| #define HAVE_STRDUP 1
| #define HAVE_STRERROR 1
| #define HAVE_STRNCASECMP 1
| #define HAVE_STRNDUP 1
| #define HAVE_STRRCHR 1
| #define HAVE_STRSPN 1
| #define HAVE_STRSTR 1
| #define HAVE_STRTOL 1
| #define HAVE_STRTOUL 1
| #define HAVE_EXPLICIT_BZERO 1
| /* end confdefs.h.  */
| 
| /* Override any GCC internal prototype to avoid an error.
|    Use char because int might match the return type of a GCC
|    builtin and then its argument prototype would still apply.  */
| char pam_authenticate ();
| int
| main (void)
| {
| return pam_authenticate ();
|   ;
|   return 0;
| }
configure:6688: gcc -o conftest    conftest.c -lpam  -lev -lm  >&5
configure:6688: $? = 0
configure:6708: result: -lpam
configure:6720: checking for library containing iconv_open
configure:6750: gcc -o conftest    conftest.c -lpam -lev -lm  >&5
configure:6750: $? = 0
configure:6770: result: none required
configure:6844: checking for pkg-config
configure:6867: found /usr/bin/pkg-config
configure:6879: result: /usr/bin/pkg-config
configure:6904: checking pkg-config is at least version 0.9.0
configure:6907: result: yes
configure:6917: checking for xcb xcb-xkb xcb-xinerama xcb-randr xcb-composite
configure:6924: $PKG_CONFIG --exists --print-errors "xcb xcb-xkb xcb-xinerama xcb-randr xcb-composite"
configure:6927: $? = 0
configure:6941: $PKG_CONFIG --exists --print-errors "xcb xcb-xkb xcb-xinerama xcb-randr xcb-composite"
configure:6944: $? = 0
configure:7002: result: yes
configure:7008: checking for xcb-image
configure:7015: $PKG_CONFIG --exists --print-errors "xcb-image"
configure:7018: $? = 0
configure:7032: $PKG_CONFIG --exists --print-errors "xcb-image"
configure:7035: $? = 0
configure:7093: result: yes
configure:7099: checking for xcb-event xcb-util xcb-atom
configure:7106: $PKG_CONFIG --exists --print-errors "xcb-event xcb-util xcb-atom"
configure:7109: $? = 0
configure:7123: $PKG_CONFIG --exists --print-errors "xcb-event xcb-util xcb-atom"
configure:7126: $? = 0
configure:7184: result: yes
configure:7190: checking for xcb-xrm
configure:7197: $PKG_CONFIG --exists --print-errors "xcb-xrm"
configure:7200: $? = 0
configure:7214: $PKG_CONFIG --exists --print-errors "xcb-xrm"
configure:7217: $? = 0
configure:7275: result: yes
configure:7281: checking for xkbcommon xkbcommon-x11
configure:7288: $PKG_CONFIG --exists --print-errors "xkbcommon xkbcommon-x11"
configure:7291: $? = 0
configure:7305: $PKG_CONFIG --exists --print-errors "xkbcommon xkbcommon-x11"
configure:7308: $? = 0
configure:7366: result: yes
configure:7372: checking for cairo
configure:7379: $PKG_CONFIG --exists --print-errors "cairo"
configure:7382: $? = 0
configure:7396: $PKG_CONFIG --exists --print-errors "cairo"
configure:7399: $? = 0
configure:7457: result: yes
configure:7463: checking for libjpeg
configure:7470: $PKG_CONFIG --exists --print-errors "libjpeg"
configure:7473: $? = 0
configure:7487: $PKG_CONFIG --exists --print-errors "libjpeg"
configure:7490: $? = 0
configure:7548: result: yes
configure:7554: checking for fontconfig
configure:7561: $PKG_CONFIG --exists --print-errors "fontconfig"
configure:7564: $? = 0
configure:7578: $PKG_CONFIG --exists --print-errors "fontconfig"
configure:7581: $? = 0
configure:7639: result: yes
configure:7650: checking for gawk
configure:7682: result: gawk
configure:7698: checking how to run the C preprocessor
configure:7724: gcc -E  conftest.c
configure:7724: $? = 0
configure:7739: gcc -E  conftest.c
conftest.c:75:10: fatal error: ac_nonexistent.h: No such file or directory
   75 | #include <ac_nonexistent.h>
      |          ^~~~~~~~~~~~~~~~~~
compilation terminated.
configure:7739: $? = 1
configure: failed program was:
| /* confdefs.h */
| #define PACKAGE_NAME "i3lock-color"
| #define PACKAGE_TARNAME "i3lock-color"
| #define PACKAGE_VERSION "2.13.c.5"
| #define PACKAGE_STRING "i3lock-color 2.13.c.5"
| #define PACKAGE_BUGREPORT "https://github.com/Raymo11/i3lock-color/issues"
| #define PACKAGE_URL ""
| #define PACKAGE "i3lock-color"
| #define VERSION "2.13.c.5"
| #define I3LOCK_VERSION "2.13.c.5-1-g46aa0b3 (2024-01-17)"
| #define NDEBUG /**/
| #define HAVE_STDIO_H 1
| #define HAVE_STDLIB_H 1
| #define HAVE_STRING_H 1
| #define HAVE_INTTYPES_H 1
| #define HAVE_STDINT_H 1
| #define HAVE_STRINGS_H 1
| #define HAVE_SYS_STAT_H 1
| #define HAVE_SYS_TYPES_H 1
| #define HAVE_UNISTD_H 1
| #define HAVE_WCHAR_H 1
| #define STDC_HEADERS 1
| #define _ALL_SOURCE 1
| #define _DARWIN_C_SOURCE 1
| #define _GNU_SOURCE 1
| #define _HPUX_ALT_XOPEN_SOCKET_API 1
| #define _NETBSD_SOURCE 1
| #define _OPENBSD_SOURCE 1
| #define _POSIX_PTHREAD_SEMANTICS 1
| #define __STDC_WANT_IEC_60559_ATTRIBS_EXT__ 1
| #define __STDC_WANT_IEC_60559_BFP_EXT__ 1
| #define __STDC_WANT_IEC_60559_DFP_EXT__ 1
| #define __STDC_WANT_IEC_60559_FUNCS_EXT__ 1
| #define __STDC_WANT_IEC_60559_TYPES_EXT__ 1
| #define __STDC_WANT_LIB_EXT2__ 1
| #define __STDC_WANT_MATH_SPEC_FUNCS__ 1
| #define _TANDEM_SOURCE 1
| #define __EXTENSIONS__ 1
| #define HAVE__BOOL 1
| #define HAVE_MODE_T 1
| #define HAVE_OFF_T 1
| #define HAVE_PID_T 1
| #define HAVE_SIZE_T 1
| #define HAVE_SSIZE_T 1
| #define HAVE_FORK 1
| #define HAVE_VFORK 1
| #define HAVE_WORKING_VFORK 1
| #define HAVE_WORKING_FORK 1
| #define LSTAT_FOLLOWS_SLASHED_SYMLINK 1
| #define HAVE_ATEXIT 1
| #define HAVE_DUP2 1
| #define HAVE_FTRUNCATE 1
| #define HAVE_GETCWD 1
| #define HAVE_GETTIMEOFDAY 1
| #define HAVE_LOCALTIME_R 1
| #define HAVE_MEMCHR 1
| #define HAVE_MEMSET 1
| #define HAVE_MKDIR 1
| #define HAVE_RMDIR 1
| #define HAVE_SETLOCALE 1
| #define HAVE_SOCKET 1
| #define HAVE_STRCASECMP 1
| #define HAVE_STRCHR 1
| #define HAVE_STRDUP 1
| #define HAVE_STRERROR 1
| #define HAVE_STRNCASECMP 1
| #define HAVE_STRNDUP 1
| #define HAVE_STRRCHR 1
| #define HAVE_STRSPN 1
| #define HAVE_STRSTR 1
| #define HAVE_STRTOL 1
| #define HAVE_STRTOUL 1
| #define HAVE_EXPLICIT_BZERO 1
| /* end confdefs.h.  */
| #include <ac_nonexistent.h>
configure:7766: result: gcc -E
configure:7780: gcc -E  conftest.c
configure:7780: $? = 0
configure:7795: gcc -E  conftest.c
conftest.c:75:10: fatal error: ac_nonexistent.h: No such file or directory
   75 | #include <ac_nonexistent.h>
      |          ^~~~~~~~~~~~~~~~~~
compilation terminated.
configure:7795: $? = 1
configure: failed program was:
| /* confdefs.h */
| #define PACKAGE_NAME "i3lock-color"
| #define PACKAGE_TARNAME "i3lock-color"
| #define PACKAGE_VERSION "2.13.c.5"
| #define PACKAGE_STRING "i3lock-color 2.13.c.5"
| #define PACKAGE_BUGREPORT "https://github.com/Raymo11/i3lock-color/issues"
| #define PACKAGE_URL ""
| #define PACKAGE "i3lock-color"
| #define VERSION "2.13.c.5"
| #define I3LOCK_VERSION "2.13.c.5-1-g46aa0b3 (2024-01-17)"
| #define NDEBUG /**/
| #define HAVE_STDIO_H 1
| #define HAVE_STDLIB_H 1
| #define HAVE_STRING_H 1
| #define HAVE_INTTYPES_H 1
| #define HAVE_STDINT_H 1
| #define HAVE_STRINGS_H 1
| #define HAVE_SYS_STAT_H 1
| #define HAVE_SYS_TYPES_H 1
| #define HAVE_UNISTD_H 1
| #define HAVE_WCHAR_H 1
| #define STDC_HEADERS 1
| #define _ALL_SOURCE 1
| #define _DARWIN_C_SOURCE 1
| #define _GNU_SOURCE 1
| #define _HPUX_ALT_XOPEN_SOCKET_API 1
| #define _NETBSD_SOURCE 1
| #define _OPENBSD_SOURCE 1
| #define _POSIX_PTHREAD_SEMANTICS 1
| #define __STDC_WANT_IEC_60559_ATTRIBS_EXT__ 1
| #define __STDC_WANT_IEC_60559_BFP_EXT__ 1
| #define __STDC_WANT_IEC_60559_DFP_EXT__ 1
| #define __STDC_WANT_IEC_60559_FUNCS_EXT__ 1
| #define __STDC_WANT_IEC_60559_TYPES_EXT__ 1
| #define __STDC_WANT_LIB_EXT2__ 1
| #define __STDC_WANT_MATH_SPEC_FUNCS__ 1
| #define _TANDEM_SOURCE 1
| #define __EXTENSIONS__ 1
| #define HAVE__BOOL 1
| #define HAVE_MODE_T 1
| #define HAVE_OFF_T 1
| #define HAVE_PID_T 1
| #define HAVE_SIZE_T 1
| #define HAVE_SSIZE_T 1
| #define HAVE_FORK 1
| #define HAVE_VFORK 1
| #define HAVE_WORKING_VFORK 1
| #define HAVE_WORKING_FORK 1
| #define LSTAT_FOLLOWS_SLASHED_SYMLINK 1
| #define HAVE_ATEXIT 1
| #define HAVE_DUP2 1
| #define HAVE_FTRUNCATE 1
| #define HAVE_GETCWD 1
| #define HAVE_GETTIMEOFDAY 1
| #define HAVE_LOCALTIME_R 1
| #define HAVE_MEMCHR 1
| #define HAVE_MEMSET 1
| #define HAVE_MKDIR 1
| #define HAVE_RMDIR 1
| #define HAVE_SETLOCALE 1
| #define HAVE_SOCKET 1
| #define HAVE_STRCASECMP 1
| #define HAVE_STRCHR 1
| #define HAVE_STRDUP 1
| #define HAVE_STRERROR 1
| #define HAVE_STRNCASECMP 1
| #define HAVE_STRNDUP 1
| #define HAVE_STRRCHR 1
| #define HAVE_STRSPN 1
| #define HAVE_STRSTR 1
| #define HAVE_STRTOL 1
| #define HAVE_STRTOUL 1
| #define HAVE_EXPLICIT_BZERO 1
| /* end confdefs.h.  */
| #include <ac_nonexistent.h>
configure:7826: checking whether make sets $(MAKE)
configure:7849: result: yes
configure:7906: checking for ranlib
configure:7927: found /usr/bin/ranlib
configure:7938: result: ranlib
configure:7960: checking whether ln -s works
configure:7964: result: yes
configure:8027: checking for ar
configure:8048: found /usr/bin/ar
configure:8059: result: ar
configure:8085: checking the archiver (ar) interface
configure:8102: gcc -c   conftest.c >&5
configure:8102: $? = 0
configure:8105: ar cru libconftest.a conftest.o >&5
ar: `u' modifier ignored since `D' is the default (see `U')
configure:8108: $? = 0
configure:8136: result: ar
configure:8157: checking CFLAGS for maximum warnings
configure:8178: gcc -c  -warn all  -warn all  conftest.c >&5
gcc: error: unrecognized command-line option '-warn'; did you mean '--warn-'?
gcc: error: unrecognized command-line option '-warn'; did you mean '--warn-'?
configure:8178: $? = 1
configure: failed program was:
| /* confdefs.h */
| #define PACKAGE_NAME "i3lock-color"
| #define PACKAGE_TARNAME "i3lock-color"
| #define PACKAGE_VERSION "2.13.c.5"
| #define PACKAGE_STRING "i3lock-color 2.13.c.5"
| #define PACKAGE_BUGREPORT "https://github.com/Raymo11/i3lock-color/issues"
| #define PACKAGE_URL ""
| #define PACKAGE "i3lock-color"
| #define VERSION "2.13.c.5"
| #define I3LOCK_VERSION "2.13.c.5-1-g46aa0b3 (2024-01-17)"
| #define NDEBUG /**/
| #define HAVE_STDIO_H 1
| #define HAVE_STDLIB_H 1
| #define HAVE_STRING_H 1
| #define HAVE_INTTYPES_H 1
| #define HAVE_STDINT_H 1
| #define HAVE_STRINGS_H 1
| #define HAVE_SYS_STAT_H 1
| #define HAVE_SYS_TYPES_H 1
| #define HAVE_UNISTD_H 1
| #define HAVE_WCHAR_H 1
| #define STDC_HEADERS 1
| #define _ALL_SOURCE 1
| #define _DARWIN_C_SOURCE 1
| #define _GNU_SOURCE 1
| #define _HPUX_ALT_XOPEN_SOCKET_API 1
| #define _NETBSD_SOURCE 1
| #define _OPENBSD_SOURCE 1
| #define _POSIX_PTHREAD_SEMANTICS 1
| #define __STDC_WANT_IEC_60559_ATTRIBS_EXT__ 1
| #define __STDC_WANT_IEC_60559_BFP_EXT__ 1
| #define __STDC_WANT_IEC_60559_DFP_EXT__ 1
| #define __STDC_WANT_IEC_60559_FUNCS_EXT__ 1
| #define __STDC_WANT_IEC_60559_TYPES_EXT__ 1
| #define __STDC_WANT_LIB_EXT2__ 1
| #define __STDC_WANT_MATH_SPEC_FUNCS__ 1
| #define _TANDEM_SOURCE 1
| #define __EXTENSIONS__ 1
| #define HAVE__BOOL 1
| #define HAVE_MODE_T 1
| #define HAVE_OFF_T 1
| #define HAVE_PID_T 1
| #define HAVE_SIZE_T 1
| #define HAVE_SSIZE_T 1
| #define HAVE_FORK 1
| #define HAVE_VFORK 1
| #define HAVE_WORKING_VFORK 1
| #define HAVE_WORKING_FORK 1
| #define LSTAT_FOLLOWS_SLASHED_SYMLINK 1
| #define HAVE_ATEXIT 1
| #define HAVE_DUP2 1
| #define HAVE_FTRUNCATE 1
| #define HAVE_GETCWD 1
| #define HAVE_GETTIMEOFDAY 1
| #define HAVE_LOCALTIME_R 1
| #define HAVE_MEMCHR 1
| #define HAVE_MEMSET 1
| #define HAVE_MKDIR 1
| #define HAVE_RMDIR 1
| #define HAVE_SETLOCALE 1
| #define HAVE_SOCKET 1
| #define HAVE_STRCASECMP 1
| #define HAVE_STRCHR 1
| #define HAVE_STRDUP 1
| #define HAVE_STRERROR 1
| #define HAVE_STRNCASECMP 1
| #define HAVE_STRNDUP 1
| #define HAVE_STRRCHR 1
| #define HAVE_STRSPN 1
| #define HAVE_STRSTR 1
| #define HAVE_STRTOL 1
| #define HAVE_STRTOUL 1
| #define HAVE_EXPLICIT_BZERO 1
| /* end confdefs.h.  */
| 
| int
| main (void)
| {
| 
|   ;
|   return 0;
| }
configure:8178: gcc -c  -pedantic  -Wall  conftest.c >&5
configure:8178: $? = 0
configure:8187: result: -Wall
configure:8208: : CFLAGS="$CFLAGS"
configure:8211: $? = 0
configure:8254: : AM_CFLAGS="$AM_CFLAGS"
configure:8257: $? = 0
configure:8276: : AM_CFLAGS="$AM_CFLAGS"
configure:8279: $? = 0
configure:8309: : AM_CFLAGS="$AM_CFLAGS"
configure:8312: $? = 0
configure:8328: checking whether C compiler accepts -Wunused-value
configure:8348: gcc -c  -Wall  -Wunused-value  conftest.c >&5
configure:8348: $? = 0
configure:8357: result: yes
configure:8375: : AM_CFLAGS="$AM_CFLAGS"
configure:8378: $? = 0
configure:8415: checking for bash-completion >= 2.0
configure:8422: $PKG_CONFIG --exists --print-errors "bash-completion >= 2.0"
configure:8425: $? = 0
configure:8439: $PKG_CONFIG --exists --print-errors "bash-completion >= 2.0"
configure:8442: $? = 0
configure:8484: result: yes
configure:8519: checking for zsh
configure:8540: found /usr/bin/zsh
configure:8552: result: yes
configure:8589: checking for fcntl.h
configure:8589: gcc -c  -Wall  conftest.c >&5
configure:8589: $? = 0
configure:8589: result: yes
configure:8589: checking for float.h
configure:8589: gcc -c  -Wall  conftest.c >&5
configure:8589: $? = 0
configure:8589: result: yes
configure:8589: checking for inttypes.h
configure:8589: result: yes
configure:8589: checking for limits.h
configure:8589: gcc -c  -Wall  conftest.c >&5
configure:8589: $? = 0
configure:8589: result: yes
configure:8589: checking for locale.h
configure:8589: gcc -c  -Wall  conftest.c >&5
configure:8589: $? = 0
configure:8589: result: yes
configure:8589: checking for netinet/in.h
configure:8589: gcc -c  -Wall  conftest.c >&5
configure:8589: $? = 0
configure:8589: result: yes
configure:8589: checking for paths.h
configure:8589: gcc -c  -Wall  conftest.c >&5
configure:8589: $? = 0
configure:8589: result: yes
configure:8589: checking for stddef.h
configure:8589: gcc -c  -Wall  conftest.c >&5
configure:8589: $? = 0
configure:8589: result: yes
configure:8589: checking for stdint.h
configure:8589: result: yes
configure:8589: checking for stdlib.h
configure:8589: result: yes
configure:8589: checking for string.h
configure:8589: result: yes
configure:8589: checking for sys/param.h
configure:8589: gcc -c  -Wall  conftest.c >&5
configure:8589: $? = 0
configure:8589: result: yes
configure:8589: checking for sys/socket.h
configure:8589: gcc -c  -Wall  conftest.c >&5
configure:8589: $? = 0
configure:8589: result: yes
configure:8589: checking for sys/time.h
configure:8589: gcc -c  -Wall  conftest.c >&5
configure:8589: $? = 0
configure:8589: result: yes
configure:8589: checking for unistd.h
configure:8589: result: yes
configure:9489: checking that generated files are newer than configure
configure:9495: result: done
configure:9534: creating ./config.status

## ---------------------- ##
## Running config.status. ##
## ---------------------- ##

This file was extended by i3lock-color config.status 2.13.c.5, which was
generated by GNU Autoconf 2.71.  Invocation command line was

  CONFIG_FILES    = 
  CONFIG_HEADERS  = 
  CONFIG_LINKS    = 
  CONFIG_COMMANDS = 
  $ ./config.status 

on bmehdi-work-pc

config.status:1111: creating Makefile
config.status:1111: creating config.h
config.status:1325: executing buildir commands
config.status:1338: skipping top_srcdir/Makefile - not created
config.status:1325: executing depfiles commands
config.status:1546: cd .       && sed -e '/# am--include-marker/d' Makefile         | make -f - am--depfiles
config.status:1551: $? = 0

## ---------------- ##
## Cache variables. ##
## ---------------- ##

_cv_gnu_make_command=make
ac_cv_build=x86_64-pc-linux-gnu
ac_cv_c_compiler_gnu=yes
ac_cv_cflags_warn_all=-Wall
ac_cv_env_BASH_COMPLETION_CFLAGS_set=
ac_cv_env_BASH_COMPLETION_CFLAGS_value=
ac_cv_env_BASH_COMPLETION_LIBS_set=
ac_cv_env_BASH_COMPLETION_LIBS_value=
ac_cv_env_CAIRO_CFLAGS_set=
ac_cv_env_CAIRO_CFLAGS_value=
ac_cv_env_CAIRO_LIBS_set=
ac_cv_env_CAIRO_LIBS_value=
ac_cv_env_CC_set=
ac_cv_env_CC_value=
ac_cv_env_CFLAGS_set=
ac_cv_env_CFLAGS_value=
ac_cv_env_CPPFLAGS_set=
ac_cv_env_CPPFLAGS_value=
ac_cv_env_CPP_set=
ac_cv_env_CPP_value=
ac_cv_env_FONTCONFIG_CFLAGS_set=
ac_cv_env_FONTCONFIG_CFLAGS_value=
ac_cv_env_FONTCONFIG_LIBS_set=
ac_cv_env_FONTCONFIG_LIBS_value=
ac_cv_env_JPEG_CFLAGS_set=
ac_cv_env_JPEG_CFLAGS_value=
ac_cv_env_JPEG_LIBS_set=
ac_cv_env_JPEG_LIBS_value=
ac_cv_env_LDFLAGS_set=
ac_cv_env_LDFLAGS_value=
ac_cv_env_LIBS_set=
ac_cv_env_LIBS_value=
ac_cv_env_PKG_CONFIG_LIBDIR_set=
ac_cv_env_PKG_CONFIG_LIBDIR_value=
ac_cv_env_PKG_CONFIG_PATH_set=
ac_cv_env_PKG_CONFIG_PATH_value=
ac_cv_env_PKG_CONFIG_set=
ac_cv_env_PKG_CONFIG_value=
ac_cv_env_XCB_CFLAGS_set=
ac_cv_env_XCB_CFLAGS_value=
ac_cv_env_XCB_IMAGE_CFLAGS_set=
ac_cv_env_XCB_IMAGE_CFLAGS_value=
ac_cv_env_XCB_IMAGE_LIBS_set=
ac_cv_env_XCB_IMAGE_LIBS_value=
ac_cv_env_XCB_LIBS_set=
ac_cv_env_XCB_LIBS_value=
ac_cv_env_XCB_UTIL_CFLAGS_set=
ac_cv_env_XCB_UTIL_CFLAGS_value=
ac_cv_env_XCB_UTIL_LIBS_set=
ac_cv_env_XCB_UTIL_LIBS_value=
ac_cv_env_XCB_UTIL_XRM_CFLAGS_set=
ac_cv_env_XCB_UTIL_XRM_CFLAGS_value=
ac_cv_env_XCB_UTIL_XRM_LIBS_set=
ac_cv_env_XCB_UTIL_XRM_LIBS_value=
ac_cv_env_XKBCOMMON_CFLAGS_set=
ac_cv_env_XKBCOMMON_CFLAGS_value=
ac_cv_env_XKBCOMMON_LIBS_set=
ac_cv_env_XKBCOMMON_LIBS_value=
ac_cv_env_ZSH_AVAILABLE_set=
ac_cv_env_ZSH_AVAILABLE_value=
ac_cv_env_build_alias_set=
ac_cv_env_build_alias_value=
ac_cv_env_host_alias_set=
ac_cv_env_host_alias_value=
ac_cv_env_target_alias_set=
ac_cv_env_target_alias_value=
ac_cv_func_atexit=yes
ac_cv_func_dup2=yes
ac_cv_func_explicit_bzero=yes
ac_cv_func_fork=yes
ac_cv_func_fork_works=yes
ac_cv_func_ftruncate=yes
ac_cv_func_getcwd=yes
ac_cv_func_gettimeofday=yes
ac_cv_func_localtime_r=yes
ac_cv_func_lstat_dereferences_slashed_symlink=yes
ac_cv_func_memchr=yes
ac_cv_func_memset=yes
ac_cv_func_mkdir=yes
ac_cv_func_rmdir=yes
ac_cv_func_setlocale=yes
ac_cv_func_socket=yes
ac_cv_func_strcasecmp=yes
ac_cv_func_strchr=yes
ac_cv_func_strdup=yes
ac_cv_func_strerror=yes
ac_cv_func_strncasecmp=yes
ac_cv_func_strndup=yes
ac_cv_func_strnlen_working=yes
ac_cv_func_strrchr=yes
ac_cv_func_strspn=yes
ac_cv_func_strstr=yes
ac_cv_func_strtol=yes
ac_cv_func_strtoul=yes
ac_cv_func_vfork=yes
ac_cv_func_vfork_works=yes
ac_cv_header_fcntl_h=yes
ac_cv_header_float_h=yes
ac_cv_header_inttypes_h=yes
ac_cv_header_limits_h=yes
ac_cv_header_locale_h=yes
ac_cv_header_minix_config_h=no
ac_cv_header_netinet_in_h=yes
ac_cv_header_paths_h=yes
ac_cv_header_stdbool_h=yes
ac_cv_header_stddef_h=yes
ac_cv_header_stdint_h=yes
ac_cv_header_stdio_h=yes
ac_cv_header_stdlib_h=yes
ac_cv_header_string_h=yes
ac_cv_header_strings_h=yes
ac_cv_header_sys_param_h=yes
ac_cv_header_sys_socket_h=yes
ac_cv_header_sys_stat_h=yes
ac_cv_header_sys_time_h=yes
ac_cv_header_sys_types_h=yes
ac_cv_header_unistd_h=yes
ac_cv_header_vfork_h=no
ac_cv_header_wchar_h=yes
ac_cv_host=x86_64-pc-linux-gnu
ac_cv_objext=o
ac_cv_path_SED=/usr/bin/sed
ac_cv_path_ac_pt_PKG_CONFIG=/usr/bin/pkg-config
ac_cv_path_ax_enable_builddir_sed=sed
ac_cv_path_install='/usr/bin/install -c'
ac_cv_path_mkdir=/usr/bin/mkdir
ac_cv_prog_AWK=gawk
ac_cv_prog_CPP='gcc -E'
ac_cv_prog_ZSH_AVAILABLE=yes
ac_cv_prog_ac_ct_AR=ar
ac_cv_prog_ac_ct_CC=gcc
ac_cv_prog_ac_ct_RANLIB=ranlib
ac_cv_prog_cc_c11=
ac_cv_prog_cc_g=yes
ac_cv_prog_cc_stdc=
ac_cv_prog_make_make_set=yes
ac_cv_safe_to_define___extensions__=yes
ac_cv_search_ev_run=-lev
ac_cv_search_floor=-lm
ac_cv_search_iconv_open='none required'
ac_cv_search_pam_authenticate=-lpam
ac_cv_search_shm_open='none required'
ac_cv_should_define__xopen_source=no
ac_cv_target=x86_64-pc-linux-gnu
ac_cv_type__Bool=yes
ac_cv_type_mode_t=yes
ac_cv_type_off_t=yes
ac_cv_type_pid_t=yes
ac_cv_type_size_t=yes
ac_cv_type_ssize_t=yes
am_cv_CC_dependencies_compiler_type=gcc3
am_cv_ar_interface=ar
am_cv_make_support_nested_variables=yes
am_cv_prog_cc_c_o=yes
ax_cv_check_cflags___Wunused_value=yes
ax_cv_gnu_make_command=make
pkg_cv_BASH_COMPLETION_CFLAGS=
pkg_cv_BASH_COMPLETION_LIBS=
pkg_cv_CAIRO_CFLAGS='-I/usr/include/cairo -I/usr/include/glib-2.0 -I/usr/lib/x86_64-linux-gnu/glib-2.0/include -I/usr/include/pixman-1 -I/usr/include/uuid -I/usr/include/freetype2 -I/usr/include/libpng16'
pkg_cv_CAIRO_LIBS=-lcairo
pkg_cv_FONTCONFIG_CFLAGS='-I/usr/include/uuid -I/usr/include/freetype2 -I/usr/include/libpng16'
pkg_cv_FONTCONFIG_LIBS='-lfontconfig -lfreetype'
pkg_cv_JPEG_CFLAGS=
pkg_cv_JPEG_LIBS=-ljpeg
pkg_cv_XCB_CFLAGS=
pkg_cv_XCB_IMAGE_CFLAGS=
pkg_cv_XCB_IMAGE_LIBS='-lxcb-image -lxcb -lxcb-shm'
pkg_cv_XCB_LIBS='-lxcb -lxcb-xkb -lxcb-xinerama -lxcb-randr -lxcb-composite'
pkg_cv_XCB_UTIL_CFLAGS=
pkg_cv_XCB_UTIL_LIBS='-lxcb-util -lxcb'
pkg_cv_XCB_UTIL_XRM_CFLAGS=
pkg_cv_XCB_UTIL_XRM_LIBS='-lxcb-xrm -lxcb'
pkg_cv_XKBCOMMON_CFLAGS=
pkg_cv_XKBCOMMON_LIBS='-lxkbcommon-x11 -lxkbcommon'

## ----------------- ##
## Output variables. ##
## ----------------- ##











	$(AM_V_at)$(MAKE) $(AM_MAKEFLAGS) code-coverage-capture
	$(code_coverage_v_genhtml)LANG=C $(GENHTML) $(code_coverage_quiet) $(addprefix --prefix ,$(CODE_COVERAGE_DIRECTORY)) --output-directory "$(CODE_COVERAGE_OUTPUT_DIRECTORY)" --title "$(PACKAGE_NAME)-$(PACKAGE_VERSION) Code Coverage" --legend --show-details "$(CODE_COVERAGE_OUTPUT_FILE)" $(CODE_COVERAGE_GENHTML_OPTIONS)
	$(code_coverage_v_lcov_cap)$(LCOV) $(code_coverage_quiet) $(addprefix --directory ,$(CODE_COVERAGE_DIRECTORY)) --capture --output-file "$(CODE_COVERAGE_OUTPUT_FILE).tmp" --test-name "$(call code_coverage_sanitize,$(PACKAGE_NAME)-$(PACKAGE_VERSION))" --no-checksum --compat-libtool $(CODE_COVERAGE_LCOV_SHOPTS) $(CODE_COVERAGE_LCOV_OPTIONS)
	$(code_coverage_v_lcov_ign)$(LCOV) $(code_coverage_quiet) $(addprefix --directory ,$(CODE_COVERAGE_DIRECTORY)) --remove "$(CODE_COVERAGE_OUTPUT_FILE).tmp" "/tmp/*" $(CODE_COVERAGE_IGNORE_PATTERN) --output-file "$(CODE_COVERAGE_OUTPUT_FILE)" $(CODE_COVERAGE_LCOV_SHOPTS) $(CODE_COVERAGE_LCOV_RMOPTS)
	-$(AM_V_at)$(MAKE) $(AM_MAKEFLAGS) -k check
	-$(LCOV) --directory $(top_builddir) -z
	-@rm -f $(CODE_COVERAGE_OUTPUT_FILE).tmp
	-find . -name "*.gcda" -o -name "*.gcov" -delete
	-rm -rf $(CODE_COVERAGE_OUTPUT_FILE) $(CODE_COVERAGE_OUTPUT_FILE).tmp $(CODE_COVERAGE_OUTPUT_DIRECTORY)
	@echo "Need to reconfigure with --enable-code-coverage"
	@echo "Need to reconfigure with --enable-code-coverage"
	@echo "file://$(abs_builddir)/$(CODE_COVERAGE_OUTPUT_DIRECTORY)/index.html"
 $(CODE_COVERAGE_IGNORE_PATTERN);
 $(CODE_COVERAGE_OUTPUT_FILE);
#
#
#    $(PACKAGE_NAME)-$(PACKAGE_VERSION)-coverage)
#    $(PACKAGE_NAME)-$(PACKAGE_VERSION)-coverage.info)
#    (Default: $(top_builddir))
#    (Default: empty)
#    Multiple directories may be specified, separated by whitespace.
#    by lcov for code coverage. (Default:
#    collecting lcov instance. (Default: $CODE_COVERAGE_LCOV_OPTIONS_GCOVPATH)
#    genhtml instance. (Default: based on $CODE_COVERAGE_BRANCH_COVERAGE)
#    instance. (Default: $CODE_COVERAGE_GENHTML_OPTIONS_DEFAULT)
#    instance. (Default: $CODE_COVERAGE_LCOV_OPTIONS_DEFAULT)
#    instance. (Default: $CODE_COVERAGE_LCOV_RMOPTS_DEFAULT)
#    instances. (Default: $CODE_COVERAGE_LCOV_SHOPTS_DEFAULT)
#    instances. (Default: based on $CODE_COVERAGE_BRANCH_COVERAGE)
#    lcov instance. (Default: empty)
#    reports to be created. (Default:
#    set to 0 to disable it and leave empty to stay with the default.
#  - CODE_COVERAGE_BRANCH_COVERAGE: Set to 1 to enforce branch coverage,
#  - CODE_COVERAGE_DIRECTORY: Top-level directory for code coverage reporting.
#  - CODE_COVERAGE_GENHTML_OPTIONS: Extra options to pass to the genhtml
#  - CODE_COVERAGE_GENHTML_OPTIONS_DEFAULT: Extra options to pass to the
#  - CODE_COVERAGE_IGNORE_PATTERN: Extra glob pattern of files to ignore
#  - CODE_COVERAGE_LCOV_OPTIONS: Extra options to pass to the collecting lcov
#  - CODE_COVERAGE_LCOV_OPTIONS_DEFAULT: Extra options to pass to the
#  - CODE_COVERAGE_LCOV_OPTIONS_GCOVPATH: --gcov-tool pathtogcov
#  - CODE_COVERAGE_LCOV_RMOPTS: Extra options to pass to the filtering lcov
#  - CODE_COVERAGE_LCOV_RMOPTS_DEFAULT: Extra options to pass to the filtering
#  - CODE_COVERAGE_LCOV_SHOPTS: Extra options to shared between both lcov
#  - CODE_COVERAGE_LCOV_SHOPTS_DEFAULT: Extra options shared between both lcov
#  - CODE_COVERAGE_OUTPUT_DIRECTORY: Directory for generated code coverage
#  - CODE_COVERAGE_OUTPUT_FILE: Filename and path for the .info file generated
# $(PACKAGE_VERSION). In order to add the current git hash to the title,
# Capture code coverage data
# Code coverage
# Hook rule executed before code-coverage-capture, overridable by the user
# Optional variables
# Optional:
# The generated report will be titled using the $(PACKAGE_NAME) and
# Use recursive makes in order to ignore errors during check
# sanitizes the test-name: replaces with underscores: dashes and dots
# use the git-version-gen script, available online.
$(if $(CODE_COVERAGE_BRANCH_COVERAGE),\
'
--rc genhtml_branch_coverage=$(CODE_COVERAGE_BRANCH_COVERAGE))
--rc lcov_branch_coverage=$(CODE_COVERAGE_BRANCH_COVERAGE))
.PHONY: check-code-coverage code-coverage-capture code-coverage-capture-hook code-coverage-clean
ACLOCAL='${SHELL} '\''/home/bmehdi/.config/i3/i3lock-color/missing'\'' aclocal-1.16'
AMDEPBACKSLASH='\'
AMDEP_FALSE='#'
AMDEP_TRUE=''
AMTAR='$${TAR-tar}'
AM_BACKSLASH='\'
AM_CFLAGS='-O2 -funroll-loops -pthread -Wunused-value'
AM_DEFAULT_V='$(AM_DEFAULT_VERBOSITY)'
AM_DEFAULT_VERBOSITY='0'
AM_DISTCHECK_CONFIGURE_FLAGS += --disable-code-coverage
AM_DISTCHECK_CONFIGURE_FLAGS ?=
AM_V='$(V)'
AR='ar'
AUTOCONF='${SHELL} '\''/home/bmehdi/.config/i3/i3lock-color/missing'\'' autoconf'
AUTOHEADER='${SHELL} '\''/home/bmehdi/.config/i3/i3lock-color/missing'\'' autoheader'
AUTOMAKE='${SHELL} '\''/home/bmehdi/.config/i3/i3lock-color/missing'\'' automake-1.16'
AWK='gawk'
AX_EXTEND_SRCDIR_CPPFLAGS='-DSTRIPPED__FILE__=\"$$(basename $<)\"'
BASH_COMPLETION_CFLAGS=''
BASH_COMPLETION_DIR='${datarootdir}/bash-completion/completions'
BASH_COMPLETION_LIBS=''
CAIRO_CFLAGS='-I/usr/include/cairo -I/usr/include/glib-2.0 -I/usr/lib/x86_64-linux-gnu/glib-2.0/include -I/usr/include/pixman-1 -I/usr/include/uuid -I/usr/include/freetype2 -I/usr/include/libpng16'
CAIRO_LIBS='-lcairo'
CC='gcc'
CCDEPMODE='depmode=gcc3'
CFLAGS=' -Wall'
CODE_COVERAGE_BRANCH_COVERAGE ?=
CODE_COVERAGE_CFLAGS=''
CODE_COVERAGE_CPPFLAGS=''
CODE_COVERAGE_CXXFLAGS=''
CODE_COVERAGE_DIRECTORY ?= $(top_builddir)
CODE_COVERAGE_ENABLED='no'
CODE_COVERAGE_ENABLED_FALSE=''
CODE_COVERAGE_ENABLED_TRUE='#'
CODE_COVERAGE_GENHTML_OPTIONS ?= $(CODE_COVERAGE_GENHTML_OPTIONS_DEFAULTS)
CODE_COVERAGE_GENHTML_OPTIONS_DEFAULT ?=\
CODE_COVERAGE_IGNORE_PATTERN ?=
CODE_COVERAGE_LCOV_OPTIONS ?= $(CODE_COVERAGE_LCOV_OPTIONS_DEFAULT)
CODE_COVERAGE_LCOV_OPTIONS_DEFAULT ?= $(CODE_COVERAGE_LCOV_OPTIONS_GCOVPATH)
CODE_COVERAGE_LCOV_OPTIONS_GCOVPATH ?= --gcov-tool "$(GCOV)"
CODE_COVERAGE_LCOV_RMOPTS ?= $(CODE_COVERAGE_LCOV_RMOPTS_DEFAULT)
CODE_COVERAGE_LCOV_RMOPTS_DEFAULT ?=
CODE_COVERAGE_LCOV_SHOPTS ?= $(CODE_COVERAGE_LCOV_SHOPTS_DEFAULT)
CODE_COVERAGE_LCOV_SHOPTS_DEFAULT ?= $(if $(CODE_COVERAGE_BRANCH_COVERAGE),\
CODE_COVERAGE_LDFLAGS=''
CODE_COVERAGE_OUTPUT_DIRECTORY ?= $(PACKAGE_NAME)-$(PACKAGE_VERSION)-coverage
CODE_COVERAGE_OUTPUT_FILE ?= $(PACKAGE_NAME)-$(PACKAGE_VERSION)-coverage.info
CODE_COVERAGE_RULES='
CPP='gcc -E'
CPPFLAGS=''
CSCOPE='cscope'
CTAGS='ctags'
CYGPATH_W='echo'
DEFS='-DHAVE_CONFIG_H'
DEPDIR='.deps'
ECHO_C=''
ECHO_N='-n'
ECHO_T=''
ENABLE_BASH_COMPLETION_FALSE='#'
ENABLE_BASH_COMPLETION_TRUE=''
ENABLE_ZSH_COMPLETION_FALSE='#'
ENABLE_ZSH_COMPLETION_TRUE=''
ETAGS='etags'
EXEEXT=''
FONTCONFIG_CFLAGS='-I/usr/include/uuid -I/usr/include/freetype2 -I/usr/include/libpng16'
FONTCONFIG_LIBS='-lfontconfig -lfreetype'
GCOV=''
GENHTML=''
GITIGNOREFILES += $(CODE_COVERAGE_OUTPUT_FILE) $(CODE_COVERAGE_OUTPUT_DIRECTORY)
GITIGNOREFILES ?=
I3LOCK_VERSION='2.13.c.5-1-g46aa0b3 (2024-01-17)'
INSTALL_DATA='${INSTALL} -m 644'
INSTALL_PROGRAM='${INSTALL}'
INSTALL_SCRIPT='${INSTALL}'
INSTALL_STRIP_PROGRAM='$(install_sh) -c -s'
JPEG_CFLAGS=''
JPEG_LIBS='-ljpeg'
LCOV=''
LDFLAGS=''
LIBOBJS=''
LIBS='-lpam -lev -lm '
LN_S='ln -s'
LTLIBOBJS=''
MAINT=''
MAINTAINER_MODE_FALSE='#'
MAINTAINER_MODE_TRUE=''
MAKEINFO='${SHELL} '\''/home/bmehdi/.config/i3/i3lock-color/missing'\'' makeinfo'
MKDIR_P='/usr/bin/mkdir -p'
OBJEXT='o'
PACKAGE='i3lock-color'
PACKAGE_BUGREPORT='https://github.com/Raymo11/i3lock-color/issues'
PACKAGE_NAME='i3lock-color'
PACKAGE_STRING='i3lock-color 2.13.c.5'
PACKAGE_TARNAME='i3lock-color'
PACKAGE_URL=''
PACKAGE_VERSION='2.13.c.5'
PATH_SEPARATOR=':'
PKG_CONFIG='/usr/bin/pkg-config'
PKG_CONFIG_LIBDIR=''
PKG_CONFIG_PATH=''
RANLIB='ranlib'
SED='/usr/bin/sed'
SET_MAKE=''
SHELL='/bin/bash'
STRIP=''
VERSION='2.13.c.5'
XCB_CFLAGS=''
XCB_IMAGE_CFLAGS=''
XCB_IMAGE_LIBS='-lxcb-image -lxcb -lxcb-shm'
XCB_LIBS='-lxcb -lxcb-xkb -lxcb-xinerama -lxcb-randr -lxcb-composite'
XCB_UTIL_CFLAGS=''
XCB_UTIL_LIBS='-lxcb-util -lxcb'
XCB_UTIL_XRM_CFLAGS=''
XCB_UTIL_XRM_LIBS='-lxcb-xrm -lxcb'
XKBCOMMON_CFLAGS=''
XKBCOMMON_LIBS='-lxkbcommon-x11 -lxkbcommon'
ZSH_AVAILABLE='yes'
ZSH_COMPLETION_DIR='${datarootdir}/zsh/vendor-completions'
ac_ct_AR='ar'
ac_ct_CC='gcc'
am__EXEEXT_FALSE=''
am__EXEEXT_TRUE='#'
am__fastdepCC_FALSE='#'
am__fastdepCC_TRUE=''
am__include='include'
am__isrc=' -I$(srcdir)'
am__leading_dot='.'
am__nodep='_no'
am__quote=''
am__tar='$${TAR-tar} chof - "$$tardir"'
am__untar='$${TAR-tar} xf -'
ax_enable_builddir_sed='sed'
bindir='${exec_prefix}/bin'
build='x86_64-pc-linux-gnu'
build_alias=''
build_cpu='x86_64'
build_os='linux-gnu'
build_vendor='pc'
check-code-coverage:
clean: code-coverage-clean
code-coverage-capture-hook:
code-coverage-capture: code-coverage-capture-hook
code-coverage-clean:
code_coverage_quiet = $(code_coverage_quiet_$(V))
code_coverage_quiet_ = $(code_coverage_quiet_$(AM_DEFAULT_VERBOSITY))
code_coverage_quiet_0 = --quiet
code_coverage_sanitize = $(subst -,_,$(subst .,_,$(1)))
code_coverage_v_genhtml = $(code_coverage_v_genhtml_$(V))
code_coverage_v_genhtml_ = $(code_coverage_v_genhtml_$(AM_DEFAULT_VERBOSITY))
code_coverage_v_genhtml_0 = @echo "  GEN   " $(CODE_COVERAGE_OUTPUT_DIRECTORY);
code_coverage_v_lcov_cap = $(code_coverage_v_lcov_cap_$(V))
code_coverage_v_lcov_cap_ = $(code_coverage_v_lcov_cap_$(AM_DEFAULT_VERBOSITY))
code_coverage_v_lcov_cap_0 = @echo "  LCOV   --capture"\
code_coverage_v_lcov_ign = $(code_coverage_v_lcov_ign_$(V))
code_coverage_v_lcov_ign_ = $(code_coverage_v_lcov_ign_$(AM_DEFAULT_VERBOSITY))
code_coverage_v_lcov_ign_0 = @echo "  LCOV   --remove /tmp/*"\
datadir='${datarootdir}'
datarootdir='${prefix}/share'
docdir='${datarootdir}/doc/${PACKAGE_TARNAME}'
dvidir='${docdir}'
else
else
endif
endif
endif
exec_prefix='${prefix}'
host='x86_64-pc-linux-gnu'
host_alias=''
host_cpu='x86_64'
host_os='linux-gnu'
host_vendor='pc'
htmldir='${docdir}'
ifGNUmake=''
ifeq ($(CODE_COVERAGE_ENABLED),yes)
ifeq ($(CODE_COVERAGE_ENABLED),yes)
ifeq ($(CODE_COVERAGE_ENABLED),yes)
includedir='${prefix}/include'
infodir='${datarootdir}/info'
install_sh='${SHELL} /home/bmehdi/.config/i3/i3lock-color/install-sh'
libdir='${exec_prefix}/lib'
libexecdir='${exec_prefix}/libexec'
localedir='${datarootdir}/locale'
localstatedir='${prefix}/var'
mandir='${datarootdir}/man'
mkdir_p='$(MKDIR_P)'
oldincludedir='/usr/include'
pdfdir='${docdir}'
prefix='/usr'
program_transform_name='s,x,x,'
psdir='${docdir}'
runstatedir='${localstatedir}/run'
sbindir='${exec_prefix}/sbin'
sharedstatedir='${prefix}/com'
sysconfdir='/etc'
target='x86_64-pc-linux-gnu'
target_alias=''
target_cpu='x86_64'
target_os='linux-gnu'
target_vendor='pc'

## ----------- ##
## confdefs.h. ##
## ----------- ##

/* confdefs.h */
#define PACKAGE_NAME "i3lock-color"
#define PACKAGE_TARNAME "i3lock-color"
#define PACKAGE_VERSION "2.13.c.5"
#define PACKAGE_STRING "i3lock-color 2.13.c.5"
#define PACKAGE_BUGREPORT "https://github.com/Raymo11/i3lock-color/issues"
#define PACKAGE_URL ""
#define PACKAGE "i3lock-color"
#define VERSION "2.13.c.5"
#define I3LOCK_VERSION "2.13.c.5-1-g46aa0b3 (2024-01-17)"
#define NDEBUG /**/
#define HAVE_STDIO_H 1
#define HAVE_STDLIB_H 1
#define HAVE_STRING_H 1
#define HAVE_INTTYPES_H 1
#define HAVE_STDINT_H 1
#define HAVE_STRINGS_H 1
#define HAVE_SYS_STAT_H 1
#define HAVE_SYS_TYPES_H 1
#define HAVE_UNISTD_H 1
#define HAVE_WCHAR_H 1
#define STDC_HEADERS 1
#define _ALL_SOURCE 1
#define _DARWIN_C_SOURCE 1
#define _GNU_SOURCE 1
#define _HPUX_ALT_XOPEN_SOCKET_API 1
#define _NETBSD_SOURCE 1
#define _OPENBSD_SOURCE 1
#define _POSIX_PTHREAD_SEMANTICS 1
#define __STDC_WANT_IEC_60559_ATTRIBS_EXT__ 1
#define __STDC_WANT_IEC_60559_BFP_EXT__ 1
#define __STDC_WANT_IEC_60559_DFP_EXT__ 1
#define __STDC_WANT_IEC_60559_FUNCS_EXT__ 1
#define __STDC_WANT_IEC_60559_TYPES_EXT__ 1
#define __STDC_WANT_LIB_EXT2__ 1
#define __STDC_WANT_MATH_SPEC_FUNCS__ 1
#define _TANDEM_SOURCE 1
#define __EXTENSIONS__ 1
#define HAVE__BOOL 1
#define HAVE_MODE_T 1
#define HAVE_OFF_T 1
#define HAVE_PID_T 1
#define HAVE_SIZE_T 1
#define HAVE_SSIZE_T 1
#define HAVE_FORK 1
#define HAVE_VFORK 1
#define HAVE_WORKING_VFORK 1
#define HAVE_WORKING_FORK 1
#define LSTAT_FOLLOWS_SLASHED_SYMLINK 1
#define HAVE_ATEXIT 1
#define HAVE_DUP2 1
#define HAVE_FTRUNCATE 1
#define HAVE_GETCWD 1
#define HAVE_GETTIMEOFDAY 1
#define HAVE_LOCALTIME_R 1
#define HAVE_MEMCHR 1
#define HAVE_MEMSET 1
#define HAVE_MKDIR 1
#define HAVE_RMDIR 1
#define HAVE_SETLOCALE 1
#define HAVE_SOCKET 1
#define HAVE_STRCASECMP 1
#define HAVE_STRCHR 1
#define HAVE_STRDUP 1
#define HAVE_STRERROR 1
#define HAVE_STRNCASECMP 1
#define HAVE_STRNDUP 1
#define HAVE_STRRCHR 1
#define HAVE_STRSPN 1
#define HAVE_STRSTR 1
#define HAVE_STRTOL 1
#define HAVE_STRTOUL 1
#define HAVE_EXPLICIT_BZERO 1
#define HAVE_FCNTL_H 1
#define HAVE_FLOAT_H 1
#define HAVE_INTTYPES_H 1
#define HAVE_LIMITS_H 1
#define HAVE_LOCALE_H 1
#define HAVE_NETINET_IN_H 1
#define HAVE_PATHS_H 1
#define HAVE_STDDEF_H 1
#define HAVE_STDINT_H 1
#define HAVE_STDLIB_H 1
#define HAVE_STRING_H 1
#define HAVE_SYS_PARAM_H 1
#define HAVE_SYS_SOCKET_H 1
#define HAVE_SYS_TIME_H 1
#define HAVE_UNISTD_H 1

configure: exit 0
